Log file open, 02/06/23 14:53:44
LogWindows: Failed to load 'aqProf.dll' (GetLastError=126)
LogWindows: File 'aqProf.dll' does not exist
LogWindows: Failed to load 'VtuneApi.dll' (GetLastError=126)
LogWindows: File 'VtuneApi.dll' does not exist
LogWindows: Failed to load 'VtuneApi32e.dll' (GetLastError=126)
LogWindows: File 'VtuneApi32e.dll' does not exist
LogConsoleResponse: Display: Failed to find resolution value strings in scalability ini. Falling back to default.
LogConsoleResponse: Display: Failed to find resolution value strings in scalability ini. Falling back to default.
LogInit: Display: Running engine for game: AccidentHammerV3
LogPlatformFile: Not using cached read wrapper
LogTaskGraph: Started task graph with 5 named threads and 35 total threads with 3 sets of task threads.
LogStats: Stats thread started at 0.344244
LogICUInternationalization: ICU TimeZone Detection - Raw Offset: -6:00, Platform Override: ''
LogInit: Display: Loading text-based GConfig....
LogPluginManager: Mounting plugin MeshPainting
LogPluginManager: Mounting plugin XGEController
LogPluginManager: Mounting plugin Paper2D
LogPluginManager: Mounting plugin LiveLink
LogPluginManager: Mounting plugin AISupport
LogPluginManager: Mounting plugin EnvironmentQueryEditor
LogPluginManager: Mounting plugin LightPropagationVolume
LogPluginManager: Mounting plugin AnimationSharing
LogPluginManager: Mounting plugin CodeLiteSourceCodeAccess
LogPluginManager: Mounting plugin GitSourceControl
LogPluginManager: Mounting plugin CLionSourceCodeAccess
LogPluginManager: Mounting plugin NullSourceCodeAccess
LogPluginManager: Mounting plugin PixWinPlugin
LogPluginManager: Mounting plugin KDevelopSourceCodeAccess
LogPluginManager: Mounting plugin PluginUtils
LogPluginManager: Mounting plugin PlasticSourceControl
LogPluginManager: Mounting plugin PropertyAccessNode
LogPluginManager: Mounting plugin PerforceSourceControl
LogPluginManager: Mounting plugin RiderSourceCodeAccess
LogPluginManager: Mounting plugin TextureFormatOodle
LogPluginManager: Mounting plugin SubversionSourceControl
LogPluginManager: Mounting plugin AssetManagerEditor
LogPluginManager: Mounting plugin UObjectPlugin
LogPluginManager: Mounting plugin CameraShakePreviewer
LogPluginManager: Mounting plugin CurveEditorTools
LogPluginManager: Mounting plugin DataValidation
LogPluginManager: Mounting plugin EditorScriptingUtilities
LogPluginManager: Mounting plugin FacialAnimation
LogPluginManager: Mounting plugin GameplayTagsEditor
LogPluginManager: Mounting plugin MacGraphicsSwitching
LogPluginManager: Mounting plugin GeometryMode
LogPluginManager: Mounting plugin MaterialAnalyzer
LogPluginManager: Mounting plugin CryptoKeys
LogPluginManager: Mounting plugin PluginBrowser
LogPluginManager: Mounting plugin SpeedTreeImporter
LogPluginManager: Mounting plugin XCodeSourceCodeAccess
LogPluginManager: Mounting plugin VisualStudioSourceCodeAccess
LogPluginManager: Mounting plugin MobileLauncherProfileWizard
LogPluginManager: Mounting plugin VisualStudioCodeSourceCodeAccess
LogPluginManager: Mounting plugin Niagara
LogPluginManager: Mounting plugin GameplayCameras
LogPluginManager: Mounting plugin AlembicImporter
LogPluginManager: Mounting plugin AutomationUtils
LogPluginManager: Mounting plugin DatasmithContent
LogPluginManager: Mounting plugin BackChannel
LogPluginManager: Mounting plugin ChaosCloth
LogPluginManager: Mounting plugin ChaosClothEditor
LogPluginManager: Mounting plugin ChaosEditor
LogPluginManager: Mounting plugin ChaosNiagara
LogPluginManager: Mounting plugin ChaosSolverPlugin
LogPluginManager: Mounting plugin VariantManagerContent
LogPluginManager: Mounting plugin CharacterAI
LogPluginManager: Mounting plugin MagicLeap
LogPluginManager: Mounting plugin LuminPlatformFeatures
LogPluginManager: Mounting plugin MagicLeapLightEstimation
LogPluginManager: Mounting plugin MagicLeapMedia
LogPluginManager: Mounting plugin MagicLeapPassableWorld
LogPluginManager: Mounting plugin MLSDK
LogPluginManager: Mounting plugin AndroidMedia
LogPluginManager: Mounting plugin AvfMedia
LogPluginManager: Mounting plugin GeometryCache
LogPluginManager: Mounting plugin GeometryProcessing
LogPluginManager: Mounting plugin GeometryCollectionPlugin
LogPluginManager: Mounting plugin UdpMessaging
LogPluginManager: Mounting plugin TcpMessaging
LogPluginManager: Mounting plugin ImgMedia
LogPluginManager: Mounting plugin MediaCompositing
LogPluginManager: Mounting plugin MeshModelingToolset
LogPluginManager: Mounting plugin MediaPlayerEditor
LogPluginManager: Mounting plugin MotoSynth
LogPluginManager: Mounting plugin OpenImageDenoise
LogPluginManager: Mounting plugin WmfMedia
LogPluginManager: Mounting plugin WebMMedia
LogPluginManager: Mounting plugin PlanarCut
LogPluginManager: Mounting plugin PlatformCrypto
LogPluginManager: Mounting plugin PythonScriptPlugin
LogPluginManager: Mounting plugin ProxyLODPlugin
LogPluginManager: Mounting plugin SkeletalReduction
LogPluginManager: Mounting plugin ActorSequence
LogPluginManager: Mounting plugin LevelSequenceEditor
LogPluginManager: Mounting plugin MatineeToLevelSequence
LogPluginManager: Mounting plugin TemplateSequence
LogPluginManager: Mounting plugin OnlineSubsystem
LogPluginManager: Mounting plugin OnlineSubsystemNull
LogPluginManager: Mounting plugin OnlineSubsystemUtils
LogPluginManager: Mounting plugin ActorLayerUtilities
LogPluginManager: Mounting plugin AndroidDeviceProfileSelector
LogPluginManager: Mounting plugin AndroidMoviePlayer
LogPluginManager: Mounting plugin AndroidPermission
LogPluginManager: Mounting plugin AppleMoviePlayer
LogPluginManager: Mounting plugin ArchVisCharacter
LogPluginManager: Mounting plugin AssetTags
LogPluginManager: Mounting plugin AudioCapture
LogPluginManager: Mounting plugin CableComponent
LogPluginManager: Mounting plugin ChunkDownloader
LogPluginManager: Mounting plugin CustomMeshComponent
LogPluginManager: Mounting plugin EditableMesh
LogPluginManager: Mounting plugin AppleImageUtils
LogPluginManager: Mounting plugin AudioSynesthesia
LogPluginManager: Mounting plugin ExampleDeviceProfileSelector
LogPluginManager: Mounting plugin GoogleCloudMessaging
LogPluginManager: Mounting plugin GooglePAD
LogPluginManager: Mounting plugin HairStrands
LogPluginManager: Mounting plugin IOSDeviceProfileSelector
LogPluginManager: Mounting plugin LauncherChunkInstaller
LogPluginManager: Mounting plugin LinuxDeviceProfileSelector
LogPluginManager: Mounting plugin LocationServicesBPLibrary
LogPluginManager: Mounting plugin MobilePatchingUtils
LogPluginManager: Mounting plugin OpenXREyeTracker
LogPluginManager: Mounting plugin OpenXR
LogPluginManager: Mounting plugin ScreenshotTools
LogPluginManager: Mounting plugin Takes
LogPluginManager: Mounting plugin OpenXRHandTracking
LogPluginManager: Mounting plugin PostSplashScreen
LogPluginManager: Mounting plugin ProceduralMeshComponent
LogPluginManager: Mounting plugin PropertyAccessEditor
LogPluginManager: Mounting plugin RuntimePhysXCooking
LogPluginManager: Mounting plugin PhysXVehicles
LogPluginManager: Mounting plugin SignificanceManager
LogPluginManager: Mounting plugin SoundFields
LogPluginManager: Mounting plugin Synthesis
LogPluginManager: Mounting plugin WebMMoviePlayer
LogPluginManager: Mounting plugin WindowsMoviePlayer
LogPluginManager: Mounting plugin OodleData
LogPluginManager: Mounting plugin OodleNetwork
LogPluginManager: Mounting plugin ContentBrowserAssetDataSource
LogPluginManager: Mounting plugin ContentBrowserClassDataSource
LogPluginManager: Mounting plugin ContentBrowserFileDataSource
LogPluginManager: Mounting plugin OnlineSubsystemGooglePlay
LogPluginManager: Mounting plugin OnlineSubsystemIOS
LogPluginManager: Mounting plugin OculusVR
LogPluginManager: Mounting plugin SteamVR
PixWinPlugin: PIX capture plugin failed to initialize! Check that the process is launched from PIX.
LogLuminAPIImpl: Warning: MLSDK not found.  This likely means the MLSDK environment variable is not set.
LogInit: Using libcurl 7.55.1-DEV
LogInit:  - built for x86_64-pc-win32
LogInit:  - supports SSL with OpenSSL/1.1.1
LogInit:  - supports HTTP deflate (compression) using libz 1.2.8
LogInit:  - other features:
LogInit:      CURL_VERSION_SSL
LogInit:      CURL_VERSION_LIBZ
LogInit:      CURL_VERSION_IPV6
LogInit:      CURL_VERSION_ASYNCHDNS
LogInit:      CURL_VERSION_LARGEFILE
LogInit:      CURL_VERSION_IDN
LogInit:  CurlRequestOptions (configurable via config and command line):
LogInit:  - bVerifyPeer = true  - Libcurl will verify peer certificate
LogInit:  - bUseHttpProxy = false  - Libcurl will NOT use HTTP proxy
LogInit:  - bDontReuseConnections = false  - Libcurl will reuse connections
LogInit:  - MaxHostConnections = 16  - Libcurl will limit the number of connections to a host
LogInit:  - LocalHostAddr = Default
LogInit:  - BufferSize = 65536
LogOnline: OSS: Creating online subsystem instance for: NULL
LogInit: WinSock: version 1.1 (2.2), MaxSocks=32767, MaxUdp=65467
LogOnline: OSS: TryLoadSubsystemAndSetDefault: Loaded subsystem for module [NULL]
LogOculusPluginWrapper: OculusPlugin initialized successfully
LogHMD: Failed initializing OVRPlugin 1.59.0
LogInit: Build: ++UE4+Release-4.27-Chaos-CL-18386882
LogInit: Engine Version: 4.27.2-18386882+++UE4+Release-4.27-Chaos
LogInit: Compatible Engine Version: 4.27.0-17155196+++UE4+Release-4.27-Chaos
LogInit: Net CL: 17155196
LogInit: OS: Windows 10 (Release 2009) (), CPU: AMD Ryzen 5 PRO 5650U with Radeon Graphics     , GPU: AMD Radeon(TM) Graphics
LogInit: Compiled (64-bit): Dec  8 2021 21:01:29
LogInit: Compiled with Visual C++: 19.24.28315.00
LogInit: Build Configuration: Development
LogInit: Branch Name: ++UE4+Release-4.27-Chaos
LogInit: Command Line: 
LogInit: Base Directory: C:/Program Files/Epic Games/UE_4.27Chaos/Engine/Binaries/Win64/
LogInit: Allocator: TBB
LogInit: Installed Engine Build: 1
LogDevObjectVersion: Number of dev versions registered: 29
LogDevObjectVersion:   Dev-Blueprints (B0D832E4-1F89-4F0D-ACCF-7EB736FD4AA2): 10
LogDevObjectVersion:   Dev-Build (E1C64328-A22C-4D53-A36C-8E866417BD8C): 0
LogDevObjectVersion:   Dev-Core (375EC13C-06E4-48FB-B500-84F0262A717E): 4
LogDevObjectVersion:   Dev-Editor (E4B068ED-F494-42E9-A231-DA0B2E46BB41): 40
LogDevObjectVersion:   Dev-Framework (CFFC743F-43B0-4480-9391-14DF171D2073): 37
LogDevObjectVersion:   Dev-Mobile (B02B49B5-BB20-44E9-A304-32B752E40360): 3
LogDevObjectVersion:   Dev-Networking (A4E4105C-59A1-49B5-A7C5-40C4547EDFEE): 0
LogDevObjectVersion:   Dev-Online (39C831C9-5AE6-47DC-9A44-9C173E1C8E7C): 0
LogDevObjectVersion:   Dev-Physics (78F01B33-EBEA-4F98-B9B4-84EACCB95AA2): 14
LogDevObjectVersion:   Dev-Platform (6631380F-2D4D-43E0-8009-CF276956A95A): 0
LogDevObjectVersion:   Dev-Rendering (12F88B9F-8875-4AFC-A67C-D90C383ABD29): 45
LogDevObjectVersion:   Dev-Sequencer (7B5AE74C-D270-4C10-A958-57980B212A5A): 13
LogDevObjectVersion:   Dev-VR (D7296918-1DD6-4BDD-9DE2-64A83CC13884): 3
LogDevObjectVersion:   Dev-LoadTimes (C2A15278-BFE7-4AFE-6C17-90FF531DF755): 1
LogDevObjectVersion:   Private-Geometry (6EACA3D4-40EC-4CC1-B786-8BED09428FC5): 3
LogDevObjectVersion:   Dev-AnimPhys (29E575DD-E0A3-4627-9D10-D276232CDCEA): 17
LogDevObjectVersion:   Dev-Anim (AF43A65D-7FD3-4947-9873-3E8ED9C1BB05): 15
LogDevObjectVersion:   Dev-ReflectionCapture (6B266CEC-1EC7-4B8F-A30B-E4D90942FC07): 1
LogDevObjectVersion:   Dev-Automation (0DF73D61-A23F-47EA-B727-89E90C41499A): 1
LogDevObjectVersion:   FortniteMain (601D1886-AC64-4F84-AA16-D3DE0DEAC7D6): 47
LogDevObjectVersion:   FortniteRelease (E7086368-6B23-4C58-8439-1B7016265E91): 1
LogDevObjectVersion:   Dev-Enterprise (9DFFBCD6-494F-0158-E221-12823C92A888): 10
LogDevObjectVersion:   Dev-Niagara (F2AED0AC-9AFE-416F-8664-AA7FFA26D6FC): 1
LogDevObjectVersion:   Dev-Destruction (174F1F0B-B4C6-45A5-B13F-2EE8D0FB917D): 10
LogDevObjectVersion:   Dev-Physics-Ext (35F94A83-E258-406C-A318-09F59610247C): 41
LogDevObjectVersion:   Dev-PhysicsMaterial-Chaos (B68FC16E-8B1B-42E2-B453-215C058844FE): 1
LogDevObjectVersion:   Dev-CineCamera (B2E18506-4273-CFC2-A54E-F4BB758BBA07): 1
LogDevObjectVersion:   Dev-VirtualProduction (64F58936-FD1B-42BA-BA96-7289D5D0FA4E): 1
LogDevObjectVersion:   Dev-MediaFramework (6F0ED827-A609-4895-9C91-998D90180EA4): 2
LogInit: Presizing for max 25165824 objects, including 0 objects not considered by GC, pre-allocating 0 bytes for permanent pool.
LogConfig: Applying CVar settings from Section [/Script/Engine.StreamingSettings] File [C:/Users/SchnellJustin/GitHubRepos/AccidentallyHammerTry2/AccidentHammerV3/Saved/Config/Windows/Engine.ini]
LogConfig: Setting CVar [[s.MinBulkDataSizeForAsyncLoading:131072]]
LogConfig: Setting CVar [[s.AsyncLoadingThreadEnabled:0]]
LogConfig: Setting CVar [[s.EventDrivenLoaderEnabled:1]]
LogConfig: Setting CVar [[s.WarnIfTimeLimitExceeded:0]]
LogConfig: Setting CVar [[s.TimeLimitExceededMultiplier:1.5]]
LogConfig: Setting CVar [[s.TimeLimitExceededMinTime:0.005]]
LogConfig: Setting CVar [[s.UseBackgroundLevelStreaming:1]]
LogConfig: Setting CVar [[s.PriorityAsyncLoadingExtraTime:15.0]]
LogConfig: Setting CVar [[s.LevelStreamingActorsUpdateTimeLimit:5.0]]
LogConfig: Setting CVar [[s.PriorityLevelStreamingActorsUpdateExtraTime:5.0]]
LogConfig: Setting CVar [[s.LevelStreamingComponentsRegistrationGranularity:10]]
LogConfig: Setting CVar [[s.UnregisterComponentsTimeLimit:1.0]]
LogConfig: Setting CVar [[s.LevelStreamingComponentsUnregistrationGranularity:5]]
LogConfig: Setting CVar [[s.FlushStreamingOnExit:1]]
LogInit: Object subsystem initialized
LogConfig: Setting CVar [[con.DebugEarlyDefault:1]]
LogConfig: Setting CVar [[r.setres:1280x720]]
LogConfig: Setting CVar [[fx.NiagaraAllowRuntimeScalabilityChanges:1]]
[2023.02.06-20.53.45:753][  0]LogConfig: Setting CVar [[r.VSync:0]]
[2023.02.06-20.53.45:753][  0]LogConfig: Setting CVar [[r.RHICmdBypass:0]]
[2023.02.06-20.53.45:753][  0]LogConfig: Applying CVar settings from Section [/Script/Engine.RendererSettings] File [C:/Users/SchnellJustin/GitHubRepos/AccidentallyHammerTry2/AccidentHammerV3/Saved/Config/Windows/Engine.ini]
[2023.02.06-20.53.45:753][  0]LogConfig: Setting CVar [[r.GPUCrashDebugging:0]]
[2023.02.06-20.53.45:753][  0]LogConfig: Applying CVar settings from Section [/Script/Engine.RendererOverrideSettings] File [C:/Users/SchnellJustin/GitHubRepos/AccidentallyHammerTry2/AccidentHammerV3/Saved/Config/Windows/Engine.ini]
[2023.02.06-20.53.45:753][  0]LogConfig: Applying CVar settings from Section [/Script/Engine.StreamingSettings] File [C:/Users/SchnellJustin/GitHubRepos/AccidentallyHammerTry2/AccidentHammerV3/Saved/Config/Windows/Engine.ini]
[2023.02.06-20.53.45:753][  0]LogConfig: Setting CVar [[s.MinBulkDataSizeForAsyncLoading:131072]]
[2023.02.06-20.53.45:753][  0]LogConfig: Setting CVar [[s.AsyncLoadingThreadEnabled:0]]
[2023.02.06-20.53.45:753][  0]LogConfig: Setting CVar [[s.EventDrivenLoaderEnabled:1]]
[2023.02.06-20.53.45:753][  0]LogConfig: Setting CVar [[s.WarnIfTimeLimitExceeded:0]]
[2023.02.06-20.53.45:753][  0]LogConfig: Setting CVar [[s.TimeLimitExceededMultiplier:1.5]]
[2023.02.06-20.53.45:753][  0]LogConfig: Setting CVar [[s.TimeLimitExceededMinTime:0.005]]
[2023.02.06-20.53.45:753][  0]LogConfig: Setting CVar [[s.UseBackgroundLevelStreaming:1]]
[2023.02.06-20.53.45:753][  0]LogConfig: Setting CVar [[s.PriorityAsyncLoadingExtraTime:15.0]]
[2023.02.06-20.53.45:753][  0]LogConfig: Setting CVar [[s.LevelStreamingActorsUpdateTimeLimit:5.0]]
[2023.02.06-20.53.45:753][  0]LogConfig: Setting CVar [[s.PriorityLevelStreamingActorsUpdateExtraTime:5.0]]
[2023.02.06-20.53.45:753][  0]LogConfig: Setting CVar [[s.LevelStreamingComponentsRegistrationGranularity:10]]
[2023.02.06-20.53.45:753][  0]LogConfig: Setting CVar [[s.UnregisterComponentsTimeLimit:1.0]]
[2023.02.06-20.53.45:753][  0]LogConfig: Setting CVar [[s.LevelStreamingComponentsUnregistrationGranularity:5]]
[2023.02.06-20.53.45:753][  0]LogConfig: Setting CVar [[s.FlushStreamingOnExit:1]]
[2023.02.06-20.53.45:753][  0]LogConfig: Applying CVar settings from Section [/Script/Engine.GarbageCollectionSettings] File [C:/Users/SchnellJustin/GitHubRepos/AccidentallyHammerTry2/AccidentHammerV3/Saved/Config/Windows/Engine.ini]
[2023.02.06-20.53.45:754][  0]LogConfig: Setting CVar [[gc.MaxObjectsNotConsideredByGC:1]]
[2023.02.06-20.53.45:754][  0]LogConfig: Setting CVar [[gc.SizeOfPermanentObjectPool:0]]
[2023.02.06-20.53.45:754][  0]LogConfig: Setting CVar [[gc.FlushStreamingOnGC:0]]
[2023.02.06-20.53.45:754][  0]LogConfig: Setting CVar [[gc.NumRetriesBeforeForcingGC:10]]
[2023.02.06-20.53.45:754][  0]LogConfig: Setting CVar [[gc.AllowParallelGC:1]]
[2023.02.06-20.53.45:754][  0]LogConfig: Setting CVar [[gc.TimeBetweenPurgingPendingKillObjects:61.1]]
[2023.02.06-20.53.45:754][  0]LogConfig: Setting CVar [[gc.MaxObjectsInEditor:25165824]]
[2023.02.06-20.53.45:754][  0]LogConfig: Setting CVar [[gc.IncrementalBeginDestroyEnabled:1]]
[2023.02.06-20.53.45:754][  0]LogConfig: Setting CVar [[gc.CreateGCClusters:1]]
[2023.02.06-20.53.45:754][  0]LogConfig: Setting CVar [[gc.MinGCClusterSize:5]]
[2023.02.06-20.53.45:754][  0]LogConfig: Setting CVar [[gc.ActorClusteringEnabled:0]]
[2023.02.06-20.53.45:754][  0]LogConfig: Setting CVar [[gc.BlueprintClusteringEnabled:0]]
[2023.02.06-20.53.45:754][  0]LogConfig: Setting CVar [[gc.UseDisregardForGCOnDedicatedServers:0]]
[2023.02.06-20.53.45:754][  0]LogConfig: Setting CVar [[gc.MultithreadedDestructionEnabled:1]]
[2023.02.06-20.53.45:754][  0]LogConfig: Applying CVar settings from Section [/Script/Engine.NetworkSettings] File [C:/Users/SchnellJustin/GitHubRepos/AccidentallyHammerTry2/AccidentHammerV3/Saved/Config/Windows/Engine.ini]
[2023.02.06-20.53.45:754][  0]LogConfig: Applying CVar settings from Section [/Script/UnrealEd.CookerSettings] File [C:/Users/SchnellJustin/GitHubRepos/AccidentallyHammerTry2/AccidentHammerV3/Saved/Config/Windows/Engine.ini]
[2023.02.06-20.53.45:758][  0]LogConfig: Applying CVar settings from Section [ViewDistanceQuality@3] File [C:/Users/SchnellJustin/GitHubRepos/AccidentallyHammerTry2/AccidentHammerV3/Saved/Config/Windows/Scalability.ini]
[2023.02.06-20.53.45:758][  0]LogConfig: Setting CVar [[r.SkeletalMeshLODBias:0]]
[2023.02.06-20.53.45:758][  0]LogConfig: Setting CVar [[r.ViewDistanceScale:1.0]]
[2023.02.06-20.53.45:758][  0]LogConfig: Applying CVar settings from Section [AntiAliasingQuality@3] File [C:/Users/SchnellJustin/GitHubRepos/AccidentallyHammerTry2/AccidentHammerV3/Saved/Config/Windows/Scalability.ini]
[2023.02.06-20.53.45:758][  0]LogConfig: Setting CVar [[r.PostProcessAAQuality:4]]
[2023.02.06-20.53.45:758][  0]LogConfig: Applying CVar settings from Section [ShadowQuality@3] File [C:/Users/SchnellJustin/GitHubRepos/AccidentallyHammerTry2/AccidentHammerV3/Saved/Config/Windows/Scalability.ini]
[2023.02.06-20.53.45:758][  0]LogConfig: Setting CVar [[r.LightFunctionQuality:1]]
[2023.02.06-20.53.45:758][  0]LogConfig: Setting CVar [[r.ShadowQuality:5]]
[2023.02.06-20.53.45:758][  0]LogConfig: Setting CVar [[r.Shadow.CSM.MaxCascades:10]]
[2023.02.06-20.53.45:758][  0]LogConfig: Setting CVar [[r.Shadow.MaxResolution:2048]]
[2023.02.06-20.53.45:758][  0]LogConfig: Setting CVar [[r.Shadow.MaxCSMResolution:2048]]
[2023.02.06-20.53.45:758][  0]LogConfig: Setting CVar [[r.Shadow.RadiusThreshold:0.01]]
[2023.02.06-20.53.45:758][  0]LogConfig: Setting CVar [[r.Shadow.DistanceScale:1.0]]
[2023.02.06-20.53.45:758][  0]LogConfig: Setting CVar [[r.Shadow.CSM.TransitionScale:1.0]]
[2023.02.06-20.53.45:758][  0]LogConfig: Setting CVar [[r.Shadow.PreShadowResolutionFactor:1.0]]
[2023.02.06-20.53.45:758][  0]LogConfig: Setting CVar [[r.DistanceFieldShadowing:1]]
[2023.02.06-20.53.45:758][  0]LogConfig: Setting CVar [[r.DistanceFieldAO:1]]
[2023.02.06-20.53.45:758][  0]LogConfig: Setting CVar [[r.AOQuality:2]]
[2023.02.06-20.53.45:758][  0]LogConfig: Setting CVar [[r.VolumetricFog:1]]
[2023.02.06-20.53.45:758][  0]LogConfig: Setting CVar [[r.VolumetricFog.GridPixelSize:8]]
[2023.02.06-20.53.45:758][  0]LogConfig: Setting CVar [[r.VolumetricFog.GridSizeZ:128]]
[2023.02.06-20.53.45:758][  0]LogConfig: Setting CVar [[r.VolumetricFog.HistoryMissSupersampleCount:4]]
[2023.02.06-20.53.45:758][  0]LogConfig: Setting CVar [[r.LightMaxDrawDistanceScale:1]]
[2023.02.06-20.53.45:758][  0]LogConfig: Setting CVar [[r.CapsuleShadows:1]]
[2023.02.06-20.53.45:758][  0]LogConfig: Applying CVar settings from Section [PostProcessQuality@3] File [C:/Users/SchnellJustin/GitHubRepos/AccidentallyHammerTry2/AccidentHammerV3/Saved/Config/Windows/Scalability.ini]
[2023.02.06-20.53.45:758][  0]LogConfig: Setting CVar [[r.MotionBlurQuality:4]]
[2023.02.06-20.53.45:758][  0]LogConfig: Setting CVar [[r.AmbientOcclusionMipLevelFactor:0.4]]
[2023.02.06-20.53.45:758][  0]LogConfig: Setting CVar [[r.AmbientOcclusionMaxQuality:100]]
[2023.02.06-20.53.45:758][  0]LogConfig: Setting CVar [[r.AmbientOcclusionLevels:-1]]
[2023.02.06-20.53.45:758][  0]LogConfig: Setting CVar [[r.AmbientOcclusionRadiusScale:1.0]]
[2023.02.06-20.53.45:758][  0]LogConfig: Setting CVar [[r.DepthOfFieldQuality:2]]
[2023.02.06-20.53.45:758][  0]LogConfig: Setting CVar [[r.RenderTargetPoolMin:400]]
[2023.02.06-20.53.45:758][  0]LogConfig: Setting CVar [[r.LensFlareQuality:2]]
[2023.02.06-20.53.45:758][  0]LogConfig: Setting CVar [[r.SceneColorFringeQuality:1]]
[2023.02.06-20.53.45:758][  0]LogConfig: Setting CVar [[r.EyeAdaptationQuality:2]]
[2023.02.06-20.53.45:758][  0]LogConfig: Setting CVar [[r.BloomQuality:5]]
[2023.02.06-20.53.45:758][  0]LogConfig: Setting CVar [[r.FastBlurThreshold:100]]
[2023.02.06-20.53.45:758][  0]LogConfig: Setting CVar [[r.Upscale.Quality:3]]
[2023.02.06-20.53.45:758][  0]LogConfig: Setting CVar [[r.Tonemapper.GrainQuantization:1]]
[2023.02.06-20.53.45:758][  0]LogConfig: Setting CVar [[r.LightShaftQuality:1]]
[2023.02.06-20.53.45:758][  0]LogConfig: Setting CVar [[r.Filter.SizeScale:1]]
[2023.02.06-20.53.45:758][  0]LogConfig: Setting CVar [[r.Tonemapper.Quality:5]]
[2023.02.06-20.53.45:758][  0]LogConfig: Setting CVar [[r.DOF.Gather.AccumulatorQuality:1        ; higher gathering accumulator quality]]
[2023.02.06-20.53.45:758][  0]LogConfig: Setting CVar [[r.DOF.Gather.PostfilterMethod:1          ; Median3x3 postfilering method]]
[2023.02.06-20.53.45:758][  0]LogConfig: Setting CVar [[r.DOF.Gather.EnableBokehSettings:0       ; no bokeh simulation when gathering]]
[2023.02.06-20.53.45:758][  0]LogConfig: Setting CVar [[r.DOF.Gather.RingCount:4                 ; medium number of samples when gathering]]
[2023.02.06-20.53.45:758][  0]LogConfig: Setting CVar [[r.DOF.Scatter.ForegroundCompositing:1    ; additive foreground scattering]]
[2023.02.06-20.53.45:758][  0]LogConfig: Setting CVar [[r.DOF.Scatter.BackgroundCompositing:2    ; additive background scattering]]
[2023.02.06-20.53.45:758][  0]LogConfig: Setting CVar [[r.DOF.Scatter.EnableBokehSettings:1      ; bokeh simulation when scattering]]
[2023.02.06-20.53.45:758][  0]LogConfig: Setting CVar [[r.DOF.Scatter.MaxSpriteRatio:0.1         ; only a maximum of 10% of scattered bokeh]]
[2023.02.06-20.53.45:758][  0]LogConfig: Setting CVar [[r.DOF.Recombine.Quality:1                ; cheap slight out of focus]]
[2023.02.06-20.53.45:758][  0]LogConfig: Setting CVar [[r.DOF.Recombine.EnableBokehSettings:0    ; no bokeh simulation on slight out of focus]]
[2023.02.06-20.53.45:758][  0]LogConfig: Setting CVar [[r.DOF.TemporalAAQuality:1                ; more stable temporal accumulation]]
[2023.02.06-20.53.45:758][  0]LogConfig: Setting CVar [[r.DOF.Kernel.MaxForegroundRadius:0.025]]
[2023.02.06-20.53.45:758][  0]LogConfig: Setting CVar [[r.DOF.Kernel.MaxBackgroundRadius:0.025]]
[2023.02.06-20.53.45:758][  0]LogConfig: Applying CVar settings from Section [TextureQuality@3] File [C:/Users/SchnellJustin/GitHubRepos/AccidentallyHammerTry2/AccidentHammerV3/Saved/Config/Windows/Scalability.ini]
[2023.02.06-20.53.45:758][  0]LogConfig: Setting CVar [[r.Streaming.MipBias:0]]
[2023.02.06-20.53.45:758][  0]LogConfig: Setting CVar [[r.Streaming.AmortizeCPUToGPUCopy:0]]
[2023.02.06-20.53.45:758][  0]LogConfig: Setting CVar [[r.Streaming.MaxNumTexturesToStreamPerFrame:0]]
[2023.02.06-20.53.45:758][  0]LogConfig: Setting CVar [[r.Streaming.Boost:1]]
[2023.02.06-20.53.45:758][  0]LogConfig: Setting CVar [[r.MaxAnisotropy:8]]
[2023.02.06-20.53.45:758][  0]LogConfig: Setting CVar [[r.VT.MaxAnisotropy:8]]
[2023.02.06-20.53.45:758][  0]LogConfig: Setting CVar [[r.Streaming.LimitPoolSizeToVRAM:0]]
[2023.02.06-20.53.45:758][  0]LogConfig: Setting CVar [[r.Streaming.PoolSize:1000]]
[2023.02.06-20.53.45:759][  0]LogConfig: Setting CVar [[r.Streaming.MaxEffectiveScreenSize:0]]
[2023.02.06-20.53.45:759][  0]LogConfig: Applying CVar settings from Section [EffectsQuality@3] File [C:/Users/SchnellJustin/GitHubRepos/AccidentallyHammerTry2/AccidentHammerV3/Saved/Config/Windows/Scalability.ini]
[2023.02.06-20.53.45:759][  0]LogConfig: Setting CVar [[r.TranslucencyLightingVolumeDim:64]]
[2023.02.06-20.53.45:759][  0]LogConfig: Setting CVar [[r.RefractionQuality:2]]
[2023.02.06-20.53.45:759][  0]LogConfig: Setting CVar [[r.SSR.Quality:3]]
[2023.02.06-20.53.45:759][  0]LogConfig: Setting CVar [[r.SSR.HalfResSceneColor:0]]
[2023.02.06-20.53.45:759][  0]LogConfig: Setting CVar [[r.SceneColorFormat:4]]
[2023.02.06-20.53.45:759][  0]LogConfig: Setting CVar [[r.DetailMode:2]]
[2023.02.06-20.53.45:759][  0]LogConfig: Setting CVar [[r.TranslucencyVolumeBlur:1]]
[2023.02.06-20.53.45:759][  0]LogConfig: Setting CVar [[r.MaterialQualityLevel:1 ; High quality]]
[2023.02.06-20.53.45:759][  0]LogConfig: Setting CVar [[r.AnisotropicMaterials:1]]
[2023.02.06-20.53.45:759][  0]LogConfig: Setting CVar [[r.SSS.Scale:1]]
[2023.02.06-20.53.45:759][  0]LogConfig: Setting CVar [[r.SSS.SampleSet:2]]
[2023.02.06-20.53.45:759][  0]LogConfig: Setting CVar [[r.SSS.Quality:1]]
[2023.02.06-20.53.45:759][  0]LogConfig: Setting CVar [[r.SSS.HalfRes:0]]
[2023.02.06-20.53.45:759][  0]LogConfig: Setting CVar [[r.SSGI.Quality:3]]
[2023.02.06-20.53.45:759][  0]LogConfig: Setting CVar [[r.EmitterSpawnRateScale:1.0]]
[2023.02.06-20.53.45:759][  0]LogConfig: Setting CVar [[r.ParticleLightQuality:2]]
[2023.02.06-20.53.45:759][  0]LogConfig: Setting CVar [[r.SkyAtmosphere.AerialPerspectiveLUT.FastApplyOnOpaque:1 ; Always have FastSkyLUT 1 in this case to avoid wrong sky]]
[2023.02.06-20.53.45:759][  0]LogConfig: Setting CVar [[r.SkyAtmosphere.AerialPerspectiveLUT.SampleCountMaxPerSlice:4]]
[2023.02.06-20.53.45:759][  0]LogConfig: Setting CVar [[r.SkyAtmosphere.AerialPerspectiveLUT.DepthResolution:16.0]]
[2023.02.06-20.53.45:759][  0]LogConfig: Setting CVar [[r.SkyAtmosphere.FastSkyLUT:1]]
[2023.02.06-20.53.45:759][  0]LogConfig: Setting CVar [[r.SkyAtmosphere.FastSkyLUT.SampleCountMin:4.0]]
[2023.02.06-20.53.45:759][  0]LogConfig: Setting CVar [[r.SkyAtmosphere.FastSkyLUT.SampleCountMax:128.0]]
[2023.02.06-20.53.45:759][  0]LogConfig: Setting CVar [[r.SkyAtmosphere.SampleCountMin:4.0]]
[2023.02.06-20.53.45:759][  0]LogConfig: Setting CVar [[r.SkyAtmosphere.SampleCountMax:128.0]]
[2023.02.06-20.53.45:759][  0]LogConfig: Setting CVar [[r.SkyAtmosphere.TransmittanceLUT.UseSmallFormat:0]]
[2023.02.06-20.53.45:759][  0]LogConfig: Setting CVar [[r.SkyAtmosphere.TransmittanceLUT.SampleCount:10.0]]
[2023.02.06-20.53.45:759][  0]LogConfig: Setting CVar [[r.SkyAtmosphere.MultiScatteringLUT.SampleCount:15.0]]
[2023.02.06-20.53.45:759][  0]LogConfig: Setting CVar [[r.SkyLight.RealTimeReflectionCapture:1]]
[2023.02.06-20.53.45:759][  0]LogConfig: Setting CVar [[fx.Niagara.QualityLevel:3]]
[2023.02.06-20.53.45:759][  0]LogConfig: Applying CVar settings from Section [FoliageQuality@3] File [C:/Users/SchnellJustin/GitHubRepos/AccidentallyHammerTry2/AccidentHammerV3/Saved/Config/Windows/Scalability.ini]
[2023.02.06-20.53.45:759][  0]LogConfig: Setting CVar [[foliage.DensityScale:1.0]]
[2023.02.06-20.53.45:759][  0]LogConfig: Setting CVar [[grass.DensityScale:1.0]]
[2023.02.06-20.53.45:759][  0]LogConfig: Applying CVar settings from Section [ShadingQuality@3] File [C:/Users/SchnellJustin/GitHubRepos/AccidentallyHammerTry2/AccidentHammerV3/Saved/Config/Windows/Scalability.ini]
[2023.02.06-20.53.45:759][  0]LogConfig: Setting CVar [[r.HairStrands.SkyLighting.IntegrationType:2]]
[2023.02.06-20.53.45:759][  0]LogConfig: Setting CVar [[r.HairStrands.SkyAO.SampleCount:4]]
[2023.02.06-20.53.45:759][  0]LogConfig: Setting CVar [[r.HairStrands.Visibility.MSAA.SamplePerPixel:4]]
[2023.02.06-20.53.45:759][  0]LogConfig: Setting CVar [[r.HairStrands.Interpolation.UseSingleGuide:0]]
[2023.02.06-20.53.45:759][  0]LogInit: Selected Device Profile: [Windows]
[2023.02.06-20.53.45:759][  0]LogInit: Applying CVar settings loaded from the selected device profile: [Windows]
[2023.02.06-20.53.45:759][  0]LogHAL: Display: Platform has ~ 16 GB [16442773504 / 17179869184 / 16], which maps to Larger [LargestMinGB=32, LargerMinGB=12, DefaultMinGB=8, SmallerMinGB=6, SmallestMinGB=0)
[2023.02.06-20.53.45:759][  0]LogInit: Going up to parent DeviceProfile []
[2023.02.06-20.53.45:759][  0]LogConfig: Applying CVar settings from Section [ViewDistanceQuality@3] File [C:/Users/SchnellJustin/GitHubRepos/AccidentallyHammerTry2/AccidentHammerV3/Saved/Config/Windows/Scalability.ini]
[2023.02.06-20.53.45:759][  0]LogConfig: Setting CVar [[r.SkeletalMeshLODBias:0]]
[2023.02.06-20.53.45:759][  0]LogConfig: Setting CVar [[r.ViewDistanceScale:1.0]]
[2023.02.06-20.53.45:759][  0]LogConfig: Applying CVar settings from Section [AntiAliasingQuality@3] File [C:/Users/SchnellJustin/GitHubRepos/AccidentallyHammerTry2/AccidentHammerV3/Saved/Config/Windows/Scalability.ini]
[2023.02.06-20.53.45:759][  0]LogConfig: Setting CVar [[r.PostProcessAAQuality:4]]
[2023.02.06-20.53.45:759][  0]LogConfig: Applying CVar settings from Section [ShadowQuality@3] File [C:/Users/SchnellJustin/GitHubRepos/AccidentallyHammerTry2/AccidentHammerV3/Saved/Config/Windows/Scalability.ini]
[2023.02.06-20.53.45:759][  0]LogConfig: Setting CVar [[r.LightFunctionQuality:1]]
[2023.02.06-20.53.45:759][  0]LogConfig: Setting CVar [[r.ShadowQuality:5]]
[2023.02.06-20.53.45:759][  0]LogConfig: Setting CVar [[r.Shadow.CSM.MaxCascades:10]]
[2023.02.06-20.53.45:759][  0]LogConfig: Setting CVar [[r.Shadow.MaxResolution:2048]]
[2023.02.06-20.53.45:759][  0]LogConfig: Setting CVar [[r.Shadow.MaxCSMResolution:2048]]
[2023.02.06-20.53.45:759][  0]LogConfig: Setting CVar [[r.Shadow.RadiusThreshold:0.01]]
[2023.02.06-20.53.45:759][  0]LogConfig: Setting CVar [[r.Shadow.DistanceScale:1.0]]
[2023.02.06-20.53.45:759][  0]LogConfig: Setting CVar [[r.Shadow.CSM.TransitionScale:1.0]]
[2023.02.06-20.53.45:759][  0]LogConfig: Setting CVar [[r.Shadow.PreShadowResolutionFactor:1.0]]
[2023.02.06-20.53.45:759][  0]LogConfig: Setting CVar [[r.DistanceFieldShadowing:1]]
[2023.02.06-20.53.45:759][  0]LogConfig: Setting CVar [[r.DistanceFieldAO:1]]
[2023.02.06-20.53.45:759][  0]LogConfig: Setting CVar [[r.AOQuality:2]]
[2023.02.06-20.53.45:759][  0]LogConfig: Setting CVar [[r.VolumetricFog:1]]
[2023.02.06-20.53.45:759][  0]LogConfig: Setting CVar [[r.VolumetricFog.GridPixelSize:8]]
[2023.02.06-20.53.45:759][  0]LogConfig: Setting CVar [[r.VolumetricFog.GridSizeZ:128]]
[2023.02.06-20.53.45:760][  0]LogConfig: Setting CVar [[r.VolumetricFog.HistoryMissSupersampleCount:4]]
[2023.02.06-20.53.45:760][  0]LogConfig: Setting CVar [[r.LightMaxDrawDistanceScale:1]]
[2023.02.06-20.53.45:760][  0]LogConfig: Setting CVar [[r.CapsuleShadows:1]]
[2023.02.06-20.53.45:760][  0]LogConfig: Applying CVar settings from Section [PostProcessQuality@3] File [C:/Users/SchnellJustin/GitHubRepos/AccidentallyHammerTry2/AccidentHammerV3/Saved/Config/Windows/Scalability.ini]
[2023.02.06-20.53.45:760][  0]LogConfig: Setting CVar [[r.MotionBlurQuality:4]]
[2023.02.06-20.53.45:760][  0]LogConfig: Setting CVar [[r.AmbientOcclusionMipLevelFactor:0.4]]
[2023.02.06-20.53.45:760][  0]LogConfig: Setting CVar [[r.AmbientOcclusionMaxQuality:100]]
[2023.02.06-20.53.45:760][  0]LogConfig: Setting CVar [[r.AmbientOcclusionLevels:-1]]
[2023.02.06-20.53.45:760][  0]LogConfig: Setting CVar [[r.AmbientOcclusionRadiusScale:1.0]]
[2023.02.06-20.53.45:760][  0]LogConfig: Setting CVar [[r.DepthOfFieldQuality:2]]
[2023.02.06-20.53.45:760][  0]LogConfig: Setting CVar [[r.RenderTargetPoolMin:400]]
[2023.02.06-20.53.45:760][  0]LogConfig: Setting CVar [[r.LensFlareQuality:2]]
[2023.02.06-20.53.45:760][  0]LogConfig: Setting CVar [[r.SceneColorFringeQuality:1]]
[2023.02.06-20.53.45:760][  0]LogConfig: Setting CVar [[r.EyeAdaptationQuality:2]]
[2023.02.06-20.53.45:760][  0]LogConfig: Setting CVar [[r.BloomQuality:5]]
[2023.02.06-20.53.45:760][  0]LogConfig: Setting CVar [[r.FastBlurThreshold:100]]
[2023.02.06-20.53.45:760][  0]LogConfig: Setting CVar [[r.Upscale.Quality:3]]
[2023.02.06-20.53.45:760][  0]LogConfig: Setting CVar [[r.Tonemapper.GrainQuantization:1]]
[2023.02.06-20.53.45:760][  0]LogConfig: Setting CVar [[r.LightShaftQuality:1]]
[2023.02.06-20.53.45:760][  0]LogConfig: Setting CVar [[r.Filter.SizeScale:1]]
[2023.02.06-20.53.45:760][  0]LogConfig: Setting CVar [[r.Tonemapper.Quality:5]]
[2023.02.06-20.53.45:760][  0]LogConfig: Setting CVar [[r.DOF.Gather.AccumulatorQuality:1        ; higher gathering accumulator quality]]
[2023.02.06-20.53.45:760][  0]LogConfig: Setting CVar [[r.DOF.Gather.PostfilterMethod:1          ; Median3x3 postfilering method]]
[2023.02.06-20.53.45:760][  0]LogConfig: Setting CVar [[r.DOF.Gather.EnableBokehSettings:0       ; no bokeh simulation when gathering]]
[2023.02.06-20.53.45:760][  0]LogConfig: Setting CVar [[r.DOF.Gather.RingCount:4                 ; medium number of samples when gathering]]
[2023.02.06-20.53.45:760][  0]LogConfig: Setting CVar [[r.DOF.Scatter.ForegroundCompositing:1    ; additive foreground scattering]]
[2023.02.06-20.53.45:760][  0]LogConfig: Setting CVar [[r.DOF.Scatter.BackgroundCompositing:2    ; additive background scattering]]
[2023.02.06-20.53.45:760][  0]LogConfig: Setting CVar [[r.DOF.Scatter.EnableBokehSettings:1      ; bokeh simulation when scattering]]
[2023.02.06-20.53.45:760][  0]LogConfig: Setting CVar [[r.DOF.Scatter.MaxSpriteRatio:0.1         ; only a maximum of 10% of scattered bokeh]]
[2023.02.06-20.53.45:760][  0]LogConfig: Setting CVar [[r.DOF.Recombine.Quality:1                ; cheap slight out of focus]]
[2023.02.06-20.53.45:760][  0]LogConfig: Setting CVar [[r.DOF.Recombine.EnableBokehSettings:0    ; no bokeh simulation on slight out of focus]]
[2023.02.06-20.53.45:760][  0]LogConfig: Setting CVar [[r.DOF.TemporalAAQuality:1                ; more stable temporal accumulation]]
[2023.02.06-20.53.45:760][  0]LogConfig: Setting CVar [[r.DOF.Kernel.MaxForegroundRadius:0.025]]
[2023.02.06-20.53.45:760][  0]LogConfig: Setting CVar [[r.DOF.Kernel.MaxBackgroundRadius:0.025]]
[2023.02.06-20.53.45:760][  0]LogConfig: Applying CVar settings from Section [TextureQuality@3] File [C:/Users/SchnellJustin/GitHubRepos/AccidentallyHammerTry2/AccidentHammerV3/Saved/Config/Windows/Scalability.ini]
[2023.02.06-20.53.45:760][  0]LogConfig: Setting CVar [[r.Streaming.MipBias:0]]
[2023.02.06-20.53.45:760][  0]LogConfig: Setting CVar [[r.Streaming.AmortizeCPUToGPUCopy:0]]
[2023.02.06-20.53.45:760][  0]LogConfig: Setting CVar [[r.Streaming.MaxNumTexturesToStreamPerFrame:0]]
[2023.02.06-20.53.45:760][  0]LogConfig: Setting CVar [[r.Streaming.Boost:1]]
[2023.02.06-20.53.45:760][  0]LogConfig: Setting CVar [[r.MaxAnisotropy:8]]
[2023.02.06-20.53.45:760][  0]LogConfig: Setting CVar [[r.VT.MaxAnisotropy:8]]
[2023.02.06-20.53.45:760][  0]LogConfig: Setting CVar [[r.Streaming.LimitPoolSizeToVRAM:0]]
[2023.02.06-20.53.45:760][  0]LogConfig: Setting CVar [[r.Streaming.PoolSize:1000]]
[2023.02.06-20.53.45:760][  0]LogConfig: Setting CVar [[r.Streaming.MaxEffectiveScreenSize:0]]
[2023.02.06-20.53.45:760][  0]LogConfig: Applying CVar settings from Section [EffectsQuality@3] File [C:/Users/SchnellJustin/GitHubRepos/AccidentallyHammerTry2/AccidentHammerV3/Saved/Config/Windows/Scalability.ini]
[2023.02.06-20.53.45:760][  0]LogConfig: Setting CVar [[r.TranslucencyLightingVolumeDim:64]]
[2023.02.06-20.53.45:760][  0]LogConfig: Setting CVar [[r.RefractionQuality:2]]
[2023.02.06-20.53.45:760][  0]LogConfig: Setting CVar [[r.SSR.Quality:3]]
[2023.02.06-20.53.45:760][  0]LogConfig: Setting CVar [[r.SSR.HalfResSceneColor:0]]
[2023.02.06-20.53.45:760][  0]LogConfig: Setting CVar [[r.SceneColorFormat:4]]
[2023.02.06-20.53.45:760][  0]LogConfig: Setting CVar [[r.DetailMode:2]]
[2023.02.06-20.53.45:760][  0]LogConfig: Setting CVar [[r.TranslucencyVolumeBlur:1]]
[2023.02.06-20.53.45:760][  0]LogConfig: Setting CVar [[r.MaterialQualityLevel:1 ; High quality]]
[2023.02.06-20.53.45:760][  0]LogConfig: Setting CVar [[r.AnisotropicMaterials:1]]
[2023.02.06-20.53.45:760][  0]LogConfig: Setting CVar [[r.SSS.Scale:1]]
[2023.02.06-20.53.45:760][  0]LogConfig: Setting CVar [[r.SSS.SampleSet:2]]
[2023.02.06-20.53.45:760][  0]LogConfig: Setting CVar [[r.SSS.Quality:1]]
[2023.02.06-20.53.45:760][  0]LogConfig: Setting CVar [[r.SSS.HalfRes:0]]
[2023.02.06-20.53.45:760][  0]LogConfig: Setting CVar [[r.SSGI.Quality:3]]
[2023.02.06-20.53.45:760][  0]LogConfig: Setting CVar [[r.EmitterSpawnRateScale:1.0]]
[2023.02.06-20.53.45:760][  0]LogConfig: Setting CVar [[r.ParticleLightQuality:2]]
[2023.02.06-20.53.45:760][  0]LogConfig: Setting CVar [[r.SkyAtmosphere.AerialPerspectiveLUT.FastApplyOnOpaque:1 ; Always have FastSkyLUT 1 in this case to avoid wrong sky]]
[2023.02.06-20.53.45:760][  0]LogConfig: Setting CVar [[r.SkyAtmosphere.AerialPerspectiveLUT.SampleCountMaxPerSlice:4]]
[2023.02.06-20.53.45:760][  0]LogConfig: Setting CVar [[r.SkyAtmosphere.AerialPerspectiveLUT.DepthResolution:16.0]]
[2023.02.06-20.53.45:760][  0]LogConfig: Setting CVar [[r.SkyAtmosphere.FastSkyLUT:1]]
[2023.02.06-20.53.45:760][  0]LogConfig: Setting CVar [[r.SkyAtmosphere.FastSkyLUT.SampleCountMin:4.0]]
[2023.02.06-20.53.45:760][  0]LogConfig: Setting CVar [[r.SkyAtmosphere.FastSkyLUT.SampleCountMax:128.0]]
[2023.02.06-20.53.45:760][  0]LogConfig: Setting CVar [[r.SkyAtmosphere.SampleCountMin:4.0]]
[2023.02.06-20.53.45:760][  0]LogConfig: Setting CVar [[r.SkyAtmosphere.SampleCountMax:128.0]]
[2023.02.06-20.53.45:760][  0]LogConfig: Setting CVar [[r.SkyAtmosphere.TransmittanceLUT.UseSmallFormat:0]]
[2023.02.06-20.53.45:760][  0]LogConfig: Setting CVar [[r.SkyAtmosphere.TransmittanceLUT.SampleCount:10.0]]
[2023.02.06-20.53.45:760][  0]LogConfig: Setting CVar [[r.SkyAtmosphere.MultiScatteringLUT.SampleCount:15.0]]
[2023.02.06-20.53.45:760][  0]LogConfig: Setting CVar [[r.SkyLight.RealTimeReflectionCapture:1]]
[2023.02.06-20.53.45:760][  0]LogConfig: Setting CVar [[fx.Niagara.QualityLevel:3]]
[2023.02.06-20.53.45:760][  0]LogConfig: Applying CVar settings from Section [FoliageQuality@3] File [C:/Users/SchnellJustin/GitHubRepos/AccidentallyHammerTry2/AccidentHammerV3/Saved/Config/Windows/Scalability.ini]
[2023.02.06-20.53.45:761][  0]LogConfig: Setting CVar [[foliage.DensityScale:1.0]]
[2023.02.06-20.53.45:761][  0]LogConfig: Setting CVar [[grass.DensityScale:1.0]]
[2023.02.06-20.53.45:761][  0]LogConfig: Applying CVar settings from Section [ShadingQuality@3] File [C:/Users/SchnellJustin/GitHubRepos/AccidentallyHammerTry2/AccidentHammerV3/Saved/Config/Windows/Scalability.ini]
[2023.02.06-20.53.45:761][  0]LogConfig: Setting CVar [[r.HairStrands.SkyLighting.IntegrationType:2]]
[2023.02.06-20.53.45:761][  0]LogConfig: Setting CVar [[r.HairStrands.SkyAO.SampleCount:4]]
[2023.02.06-20.53.45:761][  0]LogConfig: Setting CVar [[r.HairStrands.Visibility.MSAA.SamplePerPixel:4]]
[2023.02.06-20.53.45:761][  0]LogConfig: Setting CVar [[r.HairStrands.Interpolation.UseSingleGuide:0]]
[2023.02.06-20.53.45:761][  0]LogConfig: Applying CVar settings from Section [Startup] File [../../../Engine/Config/ConsoleVariables.ini]
[2023.02.06-20.53.45:762][  0]LogConfig: Setting CVar [[net.UseAdaptiveNetUpdateFrequency:0]]
[2023.02.06-20.53.45:762][  0]LogConfig: Setting CVar [[p.chaos.AllowCreatePhysxBodies:1]]
[2023.02.06-20.53.45:762][  0]LogConfig: Setting CVar [[fx.SkipVectorVMBackendOptimizations:1]]
[2023.02.06-20.53.45:762][  0]LogConfig: Applying CVar settings from Section [ConsoleVariables] File [C:/Users/SchnellJustin/GitHubRepos/AccidentallyHammerTry2/AccidentHammerV3/Saved/Config/Windows/Engine.ini]
[2023.02.06-20.53.45:762][  0]LogConfig: Applying CVar settings from Section [ConsoleVariables] File [C:/Users/SchnellJustin/GitHubRepos/AccidentallyHammerTry2/AccidentHammerV3/Saved/Config/Windows/Editor.ini]
[2023.02.06-20.53.45:762][  0]LogInit: Computer: WIN-TLOLMLRVDO4
[2023.02.06-20.53.45:762][  0]LogInit: User: SchnellJustin
[2023.02.06-20.53.45:762][  0]LogInit: CPU Page size=4096, Cores=6
[2023.02.06-20.53.45:762][  0]LogInit: High frequency timer resolution =10.000000 MHz
[2023.02.06-20.53.45:762][  0]LogMemory: Memory total: Physical=15.3GB (16GB approx)
[2023.02.06-20.53.45:762][  0]LogMemory: Platform Memory Stats for Windows
[2023.02.06-20.53.45:762][  0]LogMemory: Process Physical Memory: 147.36 MB used, 147.36 MB peak
[2023.02.06-20.53.45:762][  0]LogMemory: Process Virtual Memory: 136.89 MB used, 136.89 MB peak
[2023.02.06-20.53.45:762][  0]LogMemory: Physical Memory: 7745.73 MB used,  7935.32 MB free, 15681.05 MB total
[2023.02.06-20.53.45:762][  0]LogMemory: Virtual Memory: 134210112.00 MB used,  7617.13 MB free, 134217728.00 MB total
[2023.02.06-20.53.45:770][  0]LogWindows: WindowsPlatformFeatures enabled
[2023.02.06-20.53.45:793][  0]LogInit: Physics initialised using underlying interface: Chaos
[2023.02.06-20.53.45:794][  0]LogInit: Using OS detected language (en-US).
[2023.02.06-20.53.45:794][  0]LogInit: Using OS detected locale (en-US).
[2023.02.06-20.53.45:801][  0]LogTextLocalizationManager: No specific localization for 'en-US' exists, so the 'en' localization will be used.
[2023.02.06-20.53.46:069][  0]LogInit: Setting process to per monitor DPI aware
[2023.02.06-20.53.46:092][  0]LogWindowsTextInputMethodSystem: Display: IME system deactivated.
[2023.02.06-20.53.46:113][  0]LogSlate: New Slate User Created.  User Index 0, Is Virtual User: 0
[2023.02.06-20.53.46:113][  0]LogSlate: Slate User Registered.  User Index 0, Is Virtual User: 0
[2023.02.06-20.53.46:293][  0]LogD3D11RHI: Loaded GFSDK_Aftermath_Lib.x64.dll
[2023.02.06-20.53.46:299][  0]LogHMD: Failed to initialize OpenVR with code 110
[2023.02.06-20.53.46:299][  0]LogD3D11RHI: D3D11 min allowed feature level: 11_0
[2023.02.06-20.53.46:299][  0]LogD3D11RHI: D3D11 max allowed feature level: 11_0
[2023.02.06-20.53.46:299][  0]LogD3D11RHI: D3D11 adapters:
[2023.02.06-20.53.46:377][  0]LogD3D11RHI:    0. 'AMD Radeon(TM) Graphics' (Feature Level 11_0)
[2023.02.06-20.53.46:377][  0]LogD3D11RHI:       495/0/7840 MB DedicatedVideo/DedicatedSystem/SharedSystem, Outputs:1, VendorId:0x1002
[2023.02.06-20.53.46:380][  0]LogD3D11RHI:    1. 'Microsoft Basic Render Driver' (Feature Level 11_0)
[2023.02.06-20.53.46:380][  0]LogD3D11RHI:       0/0/7840 MB DedicatedVideo/DedicatedSystem/SharedSystem, Outputs:0, VendorId:0x1414
[2023.02.06-20.53.46:380][  0]LogD3D11RHI: Chosen D3D11 Adapter:
[2023.02.06-20.53.46:380][  0]LogD3D11RHI:     Description : AMD Radeon(TM) Graphics
[2023.02.06-20.53.46:380][  0]LogD3D11RHI:     VendorId    : 1002
[2023.02.06-20.53.46:380][  0]LogD3D11RHI:     DeviceId    : 1638
[2023.02.06-20.53.46:380][  0]LogD3D11RHI:     SubSysId    : 8895103c
[2023.02.06-20.53.46:380][  0]LogD3D11RHI:     Revision    : 00d2
[2023.02.06-20.53.46:380][  0]LogD3D11RHI:     DedicatedVideoMemory : 519847936 bytes
[2023.02.06-20.53.46:380][  0]LogD3D11RHI:     DedicatedSystemMemory : 0 bytes
[2023.02.06-20.53.46:380][  0]LogD3D11RHI:     SharedSystemMemory : 8221386752 bytes
[2023.02.06-20.53.46:380][  0]LogD3D11RHI:     AdapterLuid : 0 94609
[2023.02.06-20.53.46:388][  0]LogD3D11RHI: Creating new Direct3DDevice
[2023.02.06-20.53.46:388][  0]LogD3D11RHI:     GPU DeviceId: 0x1638 (for the marketing name, search the web for "GPU Device Id")
[2023.02.06-20.53.46:388][  0]LogWindows: EnumDisplayDevices:
[2023.02.06-20.53.46:388][  0]LogWindows:    0. 'AMD Radeon(TM) Graphics' (P:1 D:1)
[2023.02.06-20.53.46:389][  0]LogWindows:    1. 'AMD Radeon(TM) Graphics' (P:0 D:0)
[2023.02.06-20.53.46:389][  0]LogWindows:    2. 'AMD Radeon(TM) Graphics' (P:0 D:0)
[2023.02.06-20.53.46:389][  0]LogWindows:    3. 'AMD Radeon(TM) Graphics' (P:0 D:0)
[2023.02.06-20.53.46:389][  0]LogWindows:    4. 'AMD Radeon(TM) Graphics' (P:0 D:0)
[2023.02.06-20.53.46:391][  0]LogWindows: DebugString: FoundDriverCount:5 
[2023.02.06-20.53.46:391][  0]LogD3D11RHI:     Adapter Name: AMD Radeon(TM) Graphics
[2023.02.06-20.53.46:391][  0]LogD3D11RHI:   Driver Version: AMD Software: Adrenalin Edition 22.20.16.03 (internal:31.0.12016.3004, unified:31.0.12016.3004)
[2023.02.06-20.53.46:391][  0]LogD3D11RHI:      Driver Date: 8-29-2022
[2023.02.06-20.53.46:391][  0]LogRHI: Texture pool is 5364 MB (70% of 7663 MB)
[2023.02.06-20.53.46:420][  0]LogD3D11RHI: Creating D3DDevice with AMD AGS, using adapter:
[2023.02.06-20.53.46:420][  0]LogD3D11RHI:     Description : AMD Radeon(TM) Graphics
[2023.02.06-20.53.46:420][  0]LogD3D11RHI:     VendorId    : 1002
[2023.02.06-20.53.46:420][  0]LogD3D11RHI:     DeviceId    : 1638
[2023.02.06-20.53.46:420][  0]LogD3D11RHI:     SubSysId    : 8895103c
[2023.02.06-20.53.46:420][  0]LogD3D11RHI:     Revision    : 00d2
[2023.02.06-20.53.46:420][  0]LogD3D11RHI:     DedicatedVideoMemory : 519847936 bytes
[2023.02.06-20.53.46:420][  0]LogD3D11RHI:     DedicatedSystemMemory : 0 bytes
[2023.02.06-20.53.46:420][  0]LogD3D11RHI:     SharedSystemMemory : 8221386752 bytes
[2023.02.06-20.53.46:420][  0]LogD3D11RHI:     AdapterLuid : 0 94609
[2023.02.06-20.53.46:487][  0]LogD3D11RHI: Created device via AGS, feature level 11_0, supported extensions 1fffffbf.
[2023.02.06-20.53.46:487][  0]LogD3D11RHI: RHI has support for 64 bit atomics
[2023.02.06-20.53.46:487][  0]LogD3D11RHI: Async texture creation enabled
[2023.02.06-20.53.46:487][  0]LogD3D11RHI: Array index from any shader is supported
[2023.02.06-20.53.46:504][  0]LogD3D11RHI: GPU Timing Frequency: 100.000000 (Debug: 2 1)
[2023.02.06-20.53.46:903][  0]LogTargetPlatformManager: Display: Loaded TargetPlatform 'AllDesktop'
[2023.02.06-20.53.46:935][  0]LogTargetPlatformManager: Display: Loaded TargetPlatform 'Android'
[2023.02.06-20.53.46:935][  0]LogTargetPlatformManager: Display: Loaded TargetPlatform 'Android_ASTC'
[2023.02.06-20.53.46:935][  0]LogTargetPlatformManager: Display: Loaded TargetPlatform 'Android_DXT'
[2023.02.06-20.53.46:935][  0]LogTargetPlatformManager: Display: Loaded TargetPlatform 'Android_ETC2'
[2023.02.06-20.53.46:935][  0]LogTargetPlatformManager: Display: Loaded TargetPlatform 'AndroidClient'
[2023.02.06-20.53.46:935][  0]LogTargetPlatformManager: Display: Loaded TargetPlatform 'Android_ASTCClient'
[2023.02.06-20.53.46:935][  0]LogTargetPlatformManager: Display: Loaded TargetPlatform 'Android_DXTClient'
[2023.02.06-20.53.46:935][  0]LogTargetPlatformManager: Display: Loaded TargetPlatform 'Android_ETC2Client'
[2023.02.06-20.53.46:935][  0]LogTargetPlatformManager: Display: Loaded TargetPlatform 'Android_Multi'
[2023.02.06-20.53.46:935][  0]LogTargetPlatformManager: Display: Loaded TargetPlatform 'Android_MultiClient'
[2023.02.06-20.53.46:963][  0]LogTargetPlatformManager: Display: Loaded TargetPlatform 'IOSClient'
[2023.02.06-20.53.46:963][  0]LogTargetPlatformManager: Display: Loaded TargetPlatform 'IOS'
[2023.02.06-20.53.46:977][  0]LogTargetPlatformManager: Display: Loaded TargetPlatform 'Linux'
[2023.02.06-20.53.46:984][  0]LogTargetPlatformManager: Display: Loaded TargetPlatform 'LinuxNoEditor'
[2023.02.06-20.53.46:990][  0]LogTargetPlatformManager: Display: Loaded TargetPlatform 'LinuxClient'
[2023.02.06-20.53.46:997][  0]LogTargetPlatformManager: Display: Loaded TargetPlatform 'LinuxServer'
[2023.02.06-20.53.47:012][  0]LogTargetPlatformManager: Display: Loaded TargetPlatform 'LinuxAArch64NoEditor'
[2023.02.06-20.53.47:018][  0]LogTargetPlatformManager: Display: Loaded TargetPlatform 'LinuxAArch64Client'
[2023.02.06-20.53.47:024][  0]LogTargetPlatformManager: Display: Loaded TargetPlatform 'LinuxAArch64Server'
[2023.02.06-20.53.47:065][  0]LogTargetPlatformManager: Display: Loaded TargetPlatform 'Lumin'
[2023.02.06-20.53.47:065][  0]LogTargetPlatformManager: Display: Loaded TargetPlatform 'LuminClient'
[2023.02.06-20.53.47:079][  0]LogTargetPlatformManager: Display: Loaded TargetPlatform 'MacNoEditor'
[2023.02.06-20.53.47:085][  0]LogTargetPlatformManager: Display: Loaded TargetPlatform 'Mac'
[2023.02.06-20.53.47:090][  0]LogTargetPlatformManager: Display: Loaded TargetPlatform 'MacClient'
[2023.02.06-20.53.47:096][  0]LogTargetPlatformManager: Display: Loaded TargetPlatform 'MacServer'
[2023.02.06-20.53.47:112][  0]LogTargetPlatformManager: Display: Loaded TargetPlatform 'TVOSClient'
[2023.02.06-20.53.47:112][  0]LogTargetPlatformManager: Display: Loaded TargetPlatform 'TVOS'
[2023.02.06-20.53.47:126][  0]LogTargetPlatformManager: Display: Loaded TargetPlatform 'WindowsNoEditor'
[2023.02.06-20.53.47:133][  0]LogTargetPlatformManager: Display: Loaded TargetPlatform 'Windows'
[2023.02.06-20.53.47:139][  0]LogTargetPlatformManager: Display: Loaded TargetPlatform 'WindowsClient'
[2023.02.06-20.53.47:146][  0]LogTargetPlatformManager: Display: Loaded TargetPlatform 'WindowsServer'
[2023.02.06-20.53.47:146][  0]LogTargetPlatformManager: Display: Building Assets For Windows
[2023.02.06-20.53.47:157][  0]LogAudioDebug: Display: Lib vorbis DLL was dynamically loaded.
[2023.02.06-20.53.47:208][  0]LogTextureFormatOodle: Display: Oodle Texture 2.9.0 init RDO Off
[2023.02.06-20.53.47:266][  0]LogRendererCore: Ray tracing is disabled. Reason: r.RayTracing=0.
[2023.02.06-20.53.47:266][  0]LogShaderCompilers: Guid format shader working directory is -35 characters bigger than the processId version (../../../../../../Users/SchnellJustin/GitHubRepos/AccidentallyHammerTry2/AccidentHammerV3/Intermediate/Shaders/WorkingDirectory/5272/).
[2023.02.06-20.53.47:266][  0]LogShaderCompilers: Cleaned the shader compiler working directory 'C:/Users/SchnellJustin/AppData/Local/Temp/UnrealShaderWorkingDir/6AD645FA423F368EAB7175B82B1EC0E6/'.
[2023.02.06-20.53.47:267][  0]LogXGEController: Cannot use XGE Controller as Incredibuild is not installed on this machine.
[2023.02.06-20.53.47:267][  0]LogShaderCompilers: Cannot use XGE Shader Compiler as Incredibuild is not installed on this machine.
[2023.02.06-20.53.47:267][  0]LogShaderCompilers: Display: Using Local Shader Compiler.
[2023.02.06-20.53.48:372][  0]LogDerivedDataCache: Display: Max Cache Size: 512 MB
[2023.02.06-20.53.48:435][  0]LogDerivedDataCache: Loaded boot cache 0.06s 103MB C:/Users/SchnellJustin/AppData/Local/UnrealEngine/4.27/DerivedDataCache/Boot.ddc.
[2023.02.06-20.53.48:435][  0]LogDerivedDataCache: Display: Loaded Boot cache: C:/Users/SchnellJustin/AppData/Local/UnrealEngine/4.27/DerivedDataCache/Boot.ddc
[2023.02.06-20.53.48:435][  0]LogDerivedDataCache: FDerivedDataBackendGraph:  Pak pak cache file ../../../../../../Users/SchnellJustin/GitHubRepos/AccidentallyHammerTry2/AccidentHammerV3/DerivedDataCache/DDC.ddp not found, will not use a pak cache.
[2023.02.06-20.53.48:436][  0]LogDerivedDataCache: Unable to find inner node Pak for hierarchical cache Hierarchy.
[2023.02.06-20.53.48:436][  0]LogDerivedDataCache: FDerivedDataBackendGraph:  CompressedPak pak cache file ../../../../../../Users/SchnellJustin/GitHubRepos/AccidentallyHammerTry2/AccidentHammerV3/DerivedDataCache/Compressed.ddp not found, will not use a pak cache.
[2023.02.06-20.53.48:436][  0]LogDerivedDataCache: Unable to find inner node CompressedPak for hierarchical cache Hierarchy.
[2023.02.06-20.53.48:462][  0]LogDerivedDataCache: Display: Pak cache opened for reading ../../../Engine/DerivedDataCache/Compressed.ddp.
[2023.02.06-20.53.48:462][  0]LogDerivedDataCache: FDerivedDataBackendGraph:  EnterprisePak pak cache file ../../../Enterprise/DerivedDataCache/Compressed.ddp not found, will not use a pak cache.
[2023.02.06-20.53.48:463][  0]LogDerivedDataCache: Unable to find inner node EnterprisePak for hierarchical cache Hierarchy.
[2023.02.06-20.53.48:485][  0]LogDerivedDataCache: Speed tests for C:/Users/SchnellJustin/AppData/Local/UnrealEngine/Common/DerivedDataCache took 0.02 seconds
[2023.02.06-20.53.48:485][  0]LogDerivedDataCache: Display: Performance to C:/Users/SchnellJustin/AppData/Local/UnrealEngine/Common/DerivedDataCache: Latency=0.03ms. RandomReadSpeed=140.32MBs, RandomWriteSpeed=62.12MBs. Assigned SpeedClass 'Local'
[2023.02.06-20.53.48:486][  0]LogDerivedDataCache: Using Local data cache path C:/Users/SchnellJustin/AppData/Local/UnrealEngine/Common/DerivedDataCache: Writable
[2023.02.06-20.53.48:486][  0]LogDerivedDataCache: Shared data cache path not found in *engine.ini, will not use an Shared cache.
[2023.02.06-20.53.48:486][  0]LogDerivedDataCache: Unable to find inner node Shared for hierarchical cache Hierarchy.
[2023.02.06-20.53.48:566][  0]LogSlate: Using FreeType 2.10.0
[2023.02.06-20.53.48:566][  0]LogSlate: SlateFontServices - WITH_FREETYPE: 1, WITH_HARFBUZZ: 1
[2023.02.06-20.53.48:607][  0]LogAssetRegistry: FAssetRegistry took 0.0056 seconds to start up
[2023.02.06-20.53.49:029][  0]LogInit: Selected Device Profile: [Windows]
[2023.02.06-20.53.49:029][  0]LogInit: Active device profile: [0000017DB326B200][0000017DB24F2F00 49] Windows
[2023.02.06-20.53.49:029][  0]LogInit: Profiles: [0000017DB326B200][0000017DB24F2F00 49] Windows, [0000017DB3225000][0000017DB25011C0 49] WindowsNoEditor, [0000017DB3269000][0000017DB2505480 49] WindowsServer, [0000017DB3226A00][0000017DB2509740 49] WindowsClient, [0000017DB326A900][0000017DB250DA00 49] IOS, [0000017DB3225900][0000017DB2510140 49] iPadAir, [0000017DB3269800][0000017DB2514400 49] iPadAir2, [0000017DB31DB900][0000017DAFA168C0 49] IPadPro, [0000017DB31DBA00][0000017DB24F6900 49] iPadAir3, [0000017DB326A300][0000017DAFA12BC0 49] iPadAir4, [0000017DB31D9500][0000017DB251CE80 49] iPadMini2, [0000017DB326B700][0000017DAFA21140 49] iPadMini3, [0000017DB31DA400][0000017DAFA25400 49] iPadMini4, [0000017DB3268800][0000017DAFA296C0 49] iPadMini5, [0000017DB3207200][0000017DAFA3DC00 49] iPhone6, [0000017DB3207300][0000017DAFA2C0C0 49] iPodTouch6, [0000017DB31D8500][0000017DAFA44600 49] iPhone7, [0000017DB31D8400][0000017DAFA34640 49] iPodTouch7, [0000017DB3205400][0000017DB25188C0 49] iPhone5S, [0000017DB31DA200][0000017DAFA38B40 49] iPhone6Plus, [0000017DB3206500][0000017DAFA40E00 49] iPhone6S, [0000017DB31D9200][0000017DAFA490C0 49] iPhone6SPlus, [0000017DB3205C00][0000017DAFA4D380 49] iPhone7Plus, [0000017DB31D9700][0000017DAFA51640 49] iPhoneSE, [0000017DB3204E00][0000017DAFA55900 49] iPhone8, [0000017DB31D8E00][0000017DAFA59BC0 49] iPhone8Plus, [0000017DB3206D00][0000017DAFA5C300 49] iPhoneX, [0000017DB31D8A00][0000017DAFA605C0 49] iPhoneXS, [0000017DB3207900][0000017DAFA64880 49] iPhoneXSMax, [0000017DB31D9800][0000017DAFA30B00 49] iPhoneXR, [0000017DB3207D00][0000017DB0EA0D80 49] iPhone11, [0000017DB31D8100][0000017DB0EA9040 49] iPhone11Pro, [0000017DB3206000][0000017DB0EAD300 49] iPhone11ProMax, [0000017DB31DA500][0000017DB0EB15C0 49] iPhoneSE2, [0000017DB3206200][0000017DB0EB5880 49] iPhone12Mini, [0000017DB31DB700][0000017DB0EB9B40 49] iPhone12, [0000017DB3204D00][0000017DB0EBC280 49] iPhone12Pro, [0000017DB31D8B00][0000017DB0EC0540 49] iPhone12ProMax, [0000017DB3204100][0000017DB0EC4800 49] iPadPro105, [0000017DB31D9100][0000017DB0EC8AC0 49] iPadPro129, [0000017DB3207400][0000017DB0EA4D40 49] iPadPro97, [0000017DB31DAB00][0000017DB0ECCFC0 49] iPadPro2_129, [0000017DB3205000][0000017DB0ED5280 49] iPad5, [0000017DB31DB400][0000017DB0ED9540 49] iPad6, [0000017DB3204300][0000017DB0EDD800 49] iPad7, [0000017DB31DB800][0000017DB0EE1AC0 49] iPad8, [0000017DB3207100][0000017DB0EE4200 49] iPadPro11, [0000017DB31DAA00][0000017DB0EE84C0 49] iPadPro2_11, [0000017DB3207500][0000017DB0EEC780 49] iPadPro3_129, [0000017DB31D9D00][0000017DB0EF0A40 49] iPadPro4_129, [0000017DB3204C00][0000017DB0EF4D00 49] AppleTV, [0000017DB31D8600][0000017DB0ED0F80 49] AppleTV4K, [0000017DB3206B00][0000017DB0EF9200 49] TVOS, [0000017DB31D8300][0000017DB0F014C0 49] Mac, [0000017DB3204600][0000017DB0F05780 49] MacClient, [0000017DB31DA800][0000017DB0F09A40 49] MacNoEditor, [0000017DB3206A00][0000017DB0FB8180 49] MacServer, [0000017DB32B6000][0000017DB0FBC440 49] Linux, [0000017DB3224A00][0000017DB0FC0700 49] LinuxAArch64, [0000017DB32B5600][0000017DB0FC49C0 49] LinuxNoEditor, [0000017DB3225800][0000017DB0FC8C80 49] LinuxAArch64NoEditor, [0000017DB32B4B00][0000017DB0FCCF40 49] LinuxClient, [0000017DB3224400][0000017DB0EFD1C0 49] LinuxAArch64Client, [0000017DB32B4E00][0000017DB0FD1440 49] LinuxServer, [0000017DB3227F00][0000017DB0FD9700 49] LinuxAArch64Server, [0000017DB32B4D00][0000017DB0FDD9C0 49] Android, [0000017DB3224200][0000017DB0FE0100 49] Android_Low, [0000017DB32B4300][0000017DB0FE43C0 49] Android_Mid, [0000017DB3226500][0000017DB0FE8680 49] Android_High, [0000017DB32B4200][0000017DB0FEC940 49] Android_Default, [0000017DB3227000][0000017DB0FF0C00 49] Android_Adreno4xx, [0000017DB32B5B00][0000017DB0FF4EC0 49] Android_Adreno5xx_Low, [0000017DB3224700][0000017DB0FF9180 49] Android_Adreno5xx, [0000017DB32B4900][0000017DB0FD5400 49] Android_Adreno6xx, [0000017DB3225400][0000017DB10016C0 49] Android_Adreno6xx_Vulkan, [0000017DB3206900][0000017DB1005980 49] Android_Mali_T6xx, [0000017DB31DAD00][0000017DB10080C0 49] Android_Mali_T7xx, [0000017DB3207C00][0000017DB100C380 49] Android_Mali_T8xx, [0000017DB31D9E00][0000017DB1010640 49] Android_Mali_G71, [0000017DB3204700][0000017DB1014900 49] Android_Mali_G72, [0000017DB31DAF00][0000017DB1018BC0 49] Android_Mali_G72_Vulkan, [0000017DB3205D00][0000017DB101CE80 49] Android_Mali_G76, [0000017DB31DA900][0000017DB1021140 49] Android_Mali_G76_Vulkan, [0000017DB3204800][0000017DB0FFD3C0 49] Android_Mali_G77, [0000017DB31DA300][0000017DB1025640 49] Android_Mali_G77_Vulkan, [0000017DB3204B00][0000017DB102D900 49] Android_Mali_G78, [0000017DB31D8F00][0000017DB1031BC0 49] Android_Mali_G78_Vulkan, [0000017DB3207800][0000017DB2130300 49] Android_Mali_G710, [0000017DB31D8200][0000017DB21345C0 49] Android_Mali_G710_Vulkan, [0000017DB32B5100][0000017DB2138880 49] Android_Vulkan_SM5, [0000017DB31D9300][0000017DB213CB40 49] Android_PowerVR_G6xxx, [0000017DB32B4800][0000017DB2140E00 49] Android_PowerVR_GT7xxx, [0000017DB31D8900][0000017DB21450C0 49] Android_PowerVR_GE8xxx, [0000017DB32B4500][0000017DB2149380 49] Android_PowerVR_GM9xxx, [0000017DB31D9000][0000017DB1029600 49] Android_PowerVR_GM9xxx_Vulkan, [0000017DB32B4600][0000017DB214D880 49] Android_TegraK1, [0000017DB31D8800][0000017DB2155B40 49] Android_Unknown_Vulkan, [0000017DB32B4100][0000017DB2158280 49] Lumin, [0000017DB31D9A00][0000017DB215C540 49] Lumin_Desktop, [0000017DB32B5500][0000017DB2160800 49] HoloLens, 
[2023.02.06-20.53.49:213][  0]LogMeshReduction: Using QuadricMeshReduction for automatic static mesh reduction
[2023.02.06-20.53.49:213][  0]LogMeshReduction: Using SimplygonMeshReduction for automatic skeletal mesh reduction
[2023.02.06-20.53.49:213][  0]LogMeshReduction: Using ProxyLODMeshReduction for automatic mesh merging
[2023.02.06-20.53.49:213][  0]LogMeshReduction: No distributed automatic mesh merging module available
[2023.02.06-20.53.49:213][  0]LogMeshMerging: No distributed automatic mesh merging module available
[2023.02.06-20.53.49:237][  0]LogNetVersion: AccidentHammerV3 1.0.0, NetCL: 17155196, EngineNetVer: 17, GameNetVer: 0 (Checksum: 3196617690)
[2023.02.06-20.53.49:766][  0]LogTexture: Default maximum texture size for cubemaps generated from long-lat sources has been changed from 512 to unlimited. In order to preserve old behaiour for '/Engine/MapTemplates/Sky/DaylightAmbientCubemap.DaylightAmbientCubemap', its maximum texture size has been explicitly set to 512.
[2023.02.06-20.53.49:891][  0]LogHMD: PokeAHoleMaterial loaded successfully
[2023.02.06-20.53.49:904][  0]LogUObjectArray: 18159 objects as part of root set at end of initial load.
[2023.02.06-20.53.49:904][  0]LogUObjectAllocator: 4657984 out of 0 bytes used by permanent object pool.
[2023.02.06-20.53.49:904][  0]LogUObjectArray: CloseDisregardForGC: 0/0 objects in disregard for GC pool
[2023.02.06-20.53.50:296][  0]LogNiagaraDebuggerClient: Niagara Debugger Client Initialized | Session: 604B445143018A889461E6ACB4EF0D79 | Instance: 2A8430D24A2ADCC2F51B0C9E0C889880 (WIN-TLOLMLRVDO4-5272).
[2023.02.06-20.53.50:497][  0]LogUdpMessaging: Initializing bridge on interface 0.0.0.0:0 to multicast group 230.0.0.1:6666.
[2023.02.06-20.53.50:507][  0]LogTcpMessaging: Initializing TcpMessaging bridge
[2023.02.06-20.53.50:526][  0]LogPython: Using Python 3.7.7
[2023.02.06-20.53.51:311][  0]LogLinker: Warning: Failed to load '/Game/TopDownCPP/TopDownOverview': Can't find file.
[2023.02.06-20.53.51:311][  0]LogLinker: Warning: Failed to load '/Game/TopDownCPP/TopDownOverview': Can't find file.
[2023.02.06-20.53.51:311][  0]LogUObjectGlobals: Warning: Failed to find object 'Class /Game/TopDownCPP/TopDownOverview.TopDownOverview_C'
[2023.02.06-20.53.51:416][  0]SourceControl: Source control is disabled
[2023.02.06-20.53.51:416][  0]SourceControl: Source control is disabled
[2023.02.06-20.53.51:429][  0]SourceControl: Source control is disabled
[2023.02.06-20.53.51:433][  0]SourceControl: Source control is disabled
[2023.02.06-20.53.51:442][  0]SourceControl: Source control is disabled
[2023.02.06-20.53.51:538][  0]LogUProjectInfo: Found projects:
[2023.02.06-20.53.51:822][  0]LogOpenImageDenoise: OIDN starting up
[2023.02.06-20.53.51:840][  0]LogAndroidPermission: UAndroidPermissionCallbackProxy::GetInstance
[2023.02.06-20.53.51:859][  0]LogAudioCaptureCore: Display: No Audio Capture implementations found. Audio input will be silent.
[2023.02.06-20.53.51:859][  0]LogAudioCaptureCore: Display: No Audio Capture implementations found. Audio input will be silent.
[2023.02.06-20.53.52:038][  0]LogCollectionManager: Loaded 0 collections in 0.001957 seconds
[2023.02.06-20.53.52:067][  0]LogFileCache: Scanning file cache for directory 'C:/Users/SchnellJustin/GitHubRepos/AccidentallyHammerTry2/AccidentHammerV3/Saved/Collections/' took 0.00s
[2023.02.06-20.53.52:067][  0]LogFileCache: Scanning file cache for directory 'C:/Users/SchnellJustin/GitHubRepos/AccidentallyHammerTry2/AccidentHammerV3/Content/Developers/SchnellJustin/Collections/' took 0.00s
[2023.02.06-20.53.52:067][  0]LogFileCache: Scanning file cache for directory 'C:/Users/SchnellJustin/GitHubRepos/AccidentallyHammerTry2/AccidentHammerV3/Content/Collections/' took 0.00s
[2023.02.06-20.53.52:067][  0]LogOcInput: OculusInput pre-init called
[2023.02.06-20.53.52:325][  0]LogClass: Display: IntProperty FPhysicsConvexData::NumVertices is not initialized properly. Module:MeshModelingTools File:Public/Physics/CollisionPropertySets.h
[2023.02.06-20.53.52:325][  0]LogClass: Display: IntProperty FPhysicsConvexData::NumFaces is not initialized properly. Module:MeshModelingTools File:Public/Physics/CollisionPropertySets.h
[2023.02.06-20.53.52:325][  0]LogClass: Display: FloatProperty FPhysicsCapsuleData::Radius is not initialized properly. Module:MeshModelingTools File:Public/Physics/CollisionPropertySets.h
[2023.02.06-20.53.52:325][  0]LogClass: Display: FloatProperty FPhysicsCapsuleData::Length is not initialized properly. Module:MeshModelingTools File:Public/Physics/CollisionPropertySets.h
[2023.02.06-20.53.52:325][  0]LogClass: Display: StructProperty FPhysicsBoxData::Dimensions is not initialized properly. Module:MeshModelingTools File:Public/Physics/CollisionPropertySets.h
[2023.02.06-20.53.52:325][  0]LogClass: Display: FloatProperty FPhysicsSphereData::Radius is not initialized properly. Module:MeshModelingTools File:Public/Physics/CollisionPropertySets.h
[2023.02.06-20.53.52:325][  0]LogClass: Display: EnumProperty FLODLevelGenerateSettings::TargetMode is not initialized properly. Module:MeshModelingToolsEditorOnly File:Public/GenerateLODMeshesTool.h
[2023.02.06-20.53.52:325][  0]LogClass: Display: IntProperty FLODLevelGenerateSettings::TargetPercentage is not initialized properly. Module:MeshModelingToolsEditorOnly File:Public/GenerateLODMeshesTool.h
[2023.02.06-20.53.52:325][  0]LogClass: Display: IntProperty FLODLevelGenerateSettings::TargetCount is not initialized properly. Module:MeshModelingToolsEditorOnly File:Public/GenerateLODMeshesTool.h
[2023.02.06-20.53.52:326][  0]LogClass: Display: 9 Uninitialized script struct members found including 0 object properties
[2023.02.06-20.53.52:327][  0]LogEngine: Initializing Engine...
[2023.02.06-20.53.52:331][  0]LogHMD: Failed to enumerate extensions. Please check that you have a valid OpenXR runtime installed.
[2023.02.06-20.53.52:331][  0]LogHMD: Failed to initialize OpenVR with code 110
[2023.02.06-20.53.52:331][  0]LogMagicLeap: Warning: VR disabled because ZI is not enabled.  To enable, in the editor, Edit -> Project Settings -> Plugins -> Magic Leap Plugin -> Enable Zero Iteration
[2023.02.06-20.53.52:332][  0]LogStats: UGameplayTagsManager::InitializeManager -  0.000 s
[2023.02.06-20.53.52:457][  0]LogInit: Initializing FReadOnlyCVARCache
[2023.02.06-20.53.52:471][  0]LogAIModule: Creating AISystem for world Untitled
[2023.02.06-20.53.52:473][  0]LogAudio: Display: Initializing Audio Device Manager...
[2023.02.06-20.53.52:477][  0]LogAudio: Display: Loading Default Audio Settings Objects...
[2023.02.06-20.53.52:477][  0]LogAudio: Display: No default SoundConcurrencyObject specified (or failed to load).
[2023.02.06-20.53.52:477][  0]LogAudio: Display: Audio Device Manager Initialized
[2023.02.06-20.53.52:477][  0]LogAudio: Display: Creating Audio Device:                 Id: 1, Scope: Shared, Realtime: True
[2023.02.06-20.53.52:477][  0]LogAudioMixer: Display: Audio Mixer Platform Settings:
[2023.02.06-20.53.52:477][  0]LogAudioMixer: Display: 	Sample Rate:						  48000
[2023.02.06-20.53.52:477][  0]LogAudioMixer: Display: 	Callback Buffer Frame Size Requested: 1024
[2023.02.06-20.53.52:477][  0]LogAudioMixer: Display: 	Callback Buffer Frame Size To Use:	  1024
[2023.02.06-20.53.52:477][  0]LogAudioMixer: Display: 	Number of buffers to queue:			  2
[2023.02.06-20.53.52:477][  0]LogAudioMixer: Display: 	Max Channels (voices):				  32
[2023.02.06-20.53.52:479][  0]LogAudioMixer: Display: 	Number of Async Source Workers:		  0
[2023.02.06-20.53.52:479][  0]LogAudio: Display: AudioDevice MaxSources: 32
[2023.02.06-20.53.52:479][  0]LogAudio: Display: Audio Spatialization Plugin: None (built-in).
[2023.02.06-20.53.52:479][  0]LogAudio: Display: Audio Reverb Plugin: None (built-in).
[2023.02.06-20.53.52:479][  0]LogAudio: Display: Audio Occlusion Plugin: None (built-in).
[2023.02.06-20.53.52:479][  0]LogAudioMixer: Display: Initializing audio mixer.
[2023.02.06-20.53.52:489][  0]LogAudioMixer: Display: 0: FrontLeft
[2023.02.06-20.53.52:489][  0]LogAudioMixer: Display: 1: FrontRight
[2023.02.06-20.53.52:581][  0]LogAudioMixer: Display: Using Audio Device Headphones (Realtek(R) Audio)
[2023.02.06-20.53.52:583][  0]LogAudioMixer: Display: Initializing Sound Submixes...
[2023.02.06-20.53.52:586][  0]LogAudioMixer: Display: Creating Master Submix 'MasterSubmixDefault'
[2023.02.06-20.53.52:586][  0]LogAudioMixer: Display: Creating Master Submix 'MasterReverbSubmixDefault'
[2023.02.06-20.53.52:587][  0]LogAudioMixer: Display: Creating Master Submix 'MasterEQSubmixDefault'
[2023.02.06-20.53.52:588][  0]LogAudioMixer: FMixerPlatformXAudio2::StartAudioStream() called
[2023.02.06-20.53.52:588][  0]LogAudioMixer: Display: Output buffers initialized: Frames=1024, Channels=2, Samples=2048
[2023.02.06-20.53.52:588][  0]LogAudioMixer: Display: Starting AudioMixerPlatformInterface::RunInternal()
[2023.02.06-20.53.52:588][  0]LogAudioMixer: Display: FMixerPlatformXAudio2::SubmitBuffer() called for the first time
[2023.02.06-20.53.52:588][  0]LogInit: FAudioDevice initialized.
[2023.02.06-20.53.52:589][  0]LogAudio: Display: Audio Device (ID: 1) registered with world 'Untitled'.
[2023.02.06-20.53.52:589][  0]LogNetVersion: Set ProjectVersion to 1.0.0.0. Version Checksum will be recalculated on next use.
[2023.02.06-20.53.52:658][  0]LogDerivedDataCache: Saved boot cache 0.07s 103MB C:/Users/SchnellJustin/AppData/Local/UnrealEngine/4.27/DerivedDataCache/Boot.ddc.
[2023.02.06-20.53.52:662][  0]LogInit: Texture streaming: Enabled
[2023.02.06-20.53.52:675][  0]LogAnalytics: Display: [UEEditor.Rocket.Release] APIServer = https://datarouter.ol.epicgames.com/. AppVersion = 4.27.2-18386882+++UE4+Release-4.27-Chaos
[2023.02.06-20.53.52:679][  0]LogEngineSessionManager: EngineSessionManager initialized
[2023.02.06-20.53.52:679][  0]LogEditorSessionSummary: Verbose: Initializing EditorSessionSummaryWriter for editor session tracking
[2023.02.06-20.53.52:680][  0]LogEditorSessionSummary: EditorSessionSummaryWriter initialized
[2023.02.06-20.53.52:699][  0]LogInit: Transaction tracking system initialized
[2023.02.06-20.53.52:720][  0]BlueprintLog: New page: Editor Load
[2023.02.06-20.53.52:828][  0]LocalizationService: Localization service is disabled
[2023.02.06-20.53.52:851][  0]TimingProfiler: Initialize
[2023.02.06-20.53.52:851][  0]TimingProfiler: OnSessionChanged
[2023.02.06-20.53.52:851][  0]LoadingProfiler: Initialize
[2023.02.06-20.53.52:851][  0]LoadingProfiler: OnSessionChanged
[2023.02.06-20.53.52:851][  0]NetworkingProfiler: Initialize
[2023.02.06-20.53.52:851][  0]NetworkingProfiler: OnSessionChanged
[2023.02.06-20.53.52:851][  0]MemoryProfiler: Initialize
[2023.02.06-20.53.52:851][  0]MemoryProfiler: OnSessionChanged
[2023.02.06-20.53.53:036][  0]LogCook: Display: CookSettings for Memory: MemoryMaxUsedVirtual 0MiB, MemoryMaxUsedPhysical 16384MiB, MemoryMinFreeVirtual 0MiB, MemoryMinFreePhysical 1024MiB
[2023.02.06-20.53.53:036][  0]LogCook: Display: Mobile HDR setting 1
[2023.02.06-20.53.53:243][  0]LogFileCache: Scanning file cache for directory 'C:/Users/SchnellJustin/GitHubRepos/AccidentallyHammerTry2/AccidentHammerV3/Content/' took 0.00s
[2023.02.06-20.53.53:425][  0]LogInit: Display: Engine is initialized. Leaving FEngineLoop::Init()
[2023.02.06-20.53.53:429][  0]SourceControl: Source control is disabled
[2023.02.06-20.53.53:429][  0]LogUnrealEdMisc: Loading editor; pre map load, took 9.370
[2023.02.06-20.53.53:429][  0]LightingResults: New page: Lighting Build
[2023.02.06-20.53.53:431][  0]LogWorld: UWorld::CleanupWorld for Untitled, bSessionEnded=true, bCleanupResources=true
[2023.02.06-20.53.53:431][  0]LogSlate: InvalidateAllWidgets triggered.  All widgets were invalidated
[2023.02.06-20.53.53:431][  0]MapCheck: New page: Map Check
[2023.02.06-20.53.53:431][  0]LightingResults: New page: Lighting Build
[2023.02.06-20.53.53:435][  0]LogAudio: Display: Audio Device unregistered from world 'None'.
[2023.02.06-20.53.53:439][  0]LogUObjectHash: Compacting FUObjectHashTables data took   0.90ms
[2023.02.06-20.53.53:680][  0]LogAudio: Display: Audio Device (ID: 1) registered with world 'ThirdPersonExampleMap'.
[2023.02.06-20.53.53:681][  0]LogAIModule: Creating AISystem for world ThirdPersonExampleMap
[2023.02.06-20.53.53:689][  0]LogEditorServer: Finished looking for orphan Actors (0.000 secs)
[2023.02.06-20.53.53:720][  0]LogUObjectHash: Compacting FUObjectHashTables data took   0.99ms
[2023.02.06-20.53.53:721][  0]Cmd: MAP CHECKDEP NOCLEARLOG
[2023.02.06-20.53.53:721][  0]MapCheck: Map check complete: 0 Error(s), 0 Warning(s), took 0.185ms to complete.
[2023.02.06-20.53.53:721][  0]LogFileHelpers: Loading map 'ThirdPersonExampleMap' took 0.292
[2023.02.06-20.53.53:723][  0]LogUnrealEdMisc: Total Editor Startup Time, took 9.664
[2023.02.06-20.53.53:851][  0]LogSlate: Updating window title bar state: overlay mode, drag disabled, window buttons hidden, title bar hidden
[2023.02.06-20.53.53:856][  0]LogSlate: Updating window title bar state: overlay mode, drag disabled, window buttons hidden, title bar hidden
[2023.02.06-20.53.53:862][  0]LogSlate: Updating window title bar state: overlay mode, drag disabled, window buttons hidden, title bar hidden
[2023.02.06-20.53.53:867][  0]LogSlate: Updating window title bar state: overlay mode, drag disabled, window buttons hidden, title bar hidden
[2023.02.06-20.53.53:882][  0]LogNativeClassHierarchy: Verbose: Native class hierarchy populated in 0.0118 seconds. Added 4226 classes and 957 folders.
[2023.02.06-20.53.53:885][  0]LogNativeClassHierarchy: Verbose: Native class hierarchy updated for 'WidgetCarousel' in 0.0003 seconds. Added 0 classes and 0 folders.
[2023.02.06-20.53.53:886][  0]LogPakFile: PakFile PrimaryIndexSize=187
[2023.02.06-20.53.53:886][  0]LogPakFile: PakFile PathHashIndexSize=101
[2023.02.06-20.53.53:886][  0]LogPakFile: PakFile FullDirectoryIndexSize=148
[2023.02.06-20.53.53:886][  0]LogShaderLibrary: Display: ShaderCodeLibraryPakFileMountedCallback: PakFile 'C:/Program Files/Epic Games/UE_4.27Chaos/FeaturePacks/FP_FirstPerson.upack' (chunk index -1, root 'root:/') mounted
[2023.02.06-20.53.53:886][  0]LogShaderLibrary: Display: ShaderCodeLibraryPakFileMountedCallback: pending pak file info (ChunkID:-1 Root:root:/ File:C:/Program Files/Epic Games/UE_4.27Chaos/FeaturePacks/FP_FirstPerson.upack)
[2023.02.06-20.53.53:886][  0]LogPakFile: OnPakFileMounted2Time == 0.000054
[2023.02.06-20.53.53:887][  0]LogPakFile: PakFile PrimaryIndexSize=189
[2023.02.06-20.53.53:887][  0]LogPakFile: PakFile PathHashIndexSize=101
[2023.02.06-20.53.53:887][  0]LogPakFile: PakFile FullDirectoryIndexSize=152
[2023.02.06-20.53.53:887][  0]LogShaderLibrary: Display: ShaderCodeLibraryPakFileMountedCallback: PakFile 'C:/Program Files/Epic Games/UE_4.27Chaos/FeaturePacks/FP_FirstPersonBP.upack' (chunk index -1, root 'root:/') mounted
[2023.02.06-20.53.53:887][  0]LogShaderLibrary: Display: ShaderCodeLibraryPakFileMountedCallback: pending pak file info (ChunkID:-1 Root:root:/ File:C:/Program Files/Epic Games/UE_4.27Chaos/FeaturePacks/FP_FirstPersonBP.upack)
[2023.02.06-20.53.53:887][  0]LogPakFile: OnPakFileMounted2Time == 0.000034
[2023.02.06-20.53.53:888][  0]LogPakFile: PakFile PrimaryIndexSize=191
[2023.02.06-20.53.53:888][  0]LogPakFile: PakFile PathHashIndexSize=101
[2023.02.06-20.53.53:888][  0]LogPakFile: PakFile FullDirectoryIndexSize=160
[2023.02.06-20.53.53:888][  0]LogShaderLibrary: Display: ShaderCodeLibraryPakFileMountedCallback: PakFile 'C:/Program Files/Epic Games/UE_4.27Chaos/FeaturePacks/MobileStarterContent.upack' (chunk index -1, root 'root:/') mounted
[2023.02.06-20.53.53:888][  0]LogShaderLibrary: Display: ShaderCodeLibraryPakFileMountedCallback: pending pak file info (ChunkID:-1 Root:root:/ File:C:/Program Files/Epic Games/UE_4.27Chaos/FeaturePacks/MobileStarterContent.upack)
[2023.02.06-20.53.53:888][  0]LogPakFile: OnPakFileMounted2Time == 0.000031
[2023.02.06-20.53.53:888][  0]LogPakFile: PakFile PrimaryIndexSize=185
[2023.02.06-20.53.53:888][  0]LogPakFile: PakFile PathHashIndexSize=101
[2023.02.06-20.53.53:888][  0]LogPakFile: PakFile FullDirectoryIndexSize=148
[2023.02.06-20.53.53:888][  0]LogShaderLibrary: Display: ShaderCodeLibraryPakFileMountedCallback: PakFile 'C:/Program Files/Epic Games/UE_4.27Chaos/FeaturePacks/StarterContent.upack' (chunk index -1, root 'root:/') mounted
[2023.02.06-20.53.53:888][  0]LogShaderLibrary: Display: ShaderCodeLibraryPakFileMountedCallback: pending pak file info (ChunkID:-1 Root:root:/ File:C:/Program Files/Epic Games/UE_4.27Chaos/FeaturePacks/StarterContent.upack)
[2023.02.06-20.53.53:888][  0]LogPakFile: OnPakFileMounted2Time == 0.000031
[2023.02.06-20.53.53:888][  0]LogPakFile: PakFile PrimaryIndexSize=190
[2023.02.06-20.53.53:888][  0]LogPakFile: PakFile PathHashIndexSize=101
[2023.02.06-20.53.53:888][  0]LogPakFile: PakFile FullDirectoryIndexSize=154
[2023.02.06-20.53.53:888][  0]LogShaderLibrary: Display: ShaderCodeLibraryPakFileMountedCallback: PakFile 'C:/Program Files/Epic Games/UE_4.27Chaos/FeaturePacks/TP_2DSideScroller.upack' (chunk index -1, root 'root:/') mounted
[2023.02.06-20.53.53:888][  0]LogShaderLibrary: Display: ShaderCodeLibraryPakFileMountedCallback: pending pak file info (ChunkID:-1 Root:root:/ File:C:/Program Files/Epic Games/UE_4.27Chaos/FeaturePacks/TP_2DSideScroller.upack)
[2023.02.06-20.53.53:888][  0]LogPakFile: OnPakFileMounted2Time == 0.000030
[2023.02.06-20.53.53:888][  0]LogPakFile: PakFile PrimaryIndexSize=192
[2023.02.06-20.53.53:888][  0]LogPakFile: PakFile PathHashIndexSize=101
[2023.02.06-20.53.53:888][  0]LogPakFile: PakFile FullDirectoryIndexSize=158
[2023.02.06-20.53.53:888][  0]LogShaderLibrary: Display: ShaderCodeLibraryPakFileMountedCallback: PakFile 'C:/Program Files/Epic Games/UE_4.27Chaos/FeaturePacks/TP_2DSideScrollerBP.upack' (chunk index -1, root 'root:/') mounted
[2023.02.06-20.53.53:888][  0]LogShaderLibrary: Display: ShaderCodeLibraryPakFileMountedCallback: pending pak file info (ChunkID:-1 Root:root:/ File:C:/Program Files/Epic Games/UE_4.27Chaos/FeaturePacks/TP_2DSideScrollerBP.upack)
[2023.02.06-20.53.53:888][  0]LogPakFile: OnPakFileMounted2Time == 0.000032
[2023.02.06-20.53.53:890][  0]LogPakFile: PakFile PrimaryIndexSize=182
[2023.02.06-20.53.53:890][  0]LogPakFile: PakFile PathHashIndexSize=101
[2023.02.06-20.53.53:890][  0]LogPakFile: PakFile FullDirectoryIndexSize=138
[2023.02.06-20.53.53:890][  0]LogShaderLibrary: Display: ShaderCodeLibraryPakFileMountedCallback: PakFile 'C:/Program Files/Epic Games/UE_4.27Chaos/FeaturePacks/TP_Flying.upack' (chunk index -1, root 'root:/') mounted
[2023.02.06-20.53.53:890][  0]LogShaderLibrary: Display: ShaderCodeLibraryPakFileMountedCallback: pending pak file info (ChunkID:-1 Root:root:/ File:C:/Program Files/Epic Games/UE_4.27Chaos/FeaturePacks/TP_Flying.upack)
[2023.02.06-20.53.53:890][  0]LogPakFile: OnPakFileMounted2Time == 0.000039
[2023.02.06-20.53.53:890][  0]LogPakFile: PakFile PrimaryIndexSize=184
[2023.02.06-20.53.53:890][  0]LogPakFile: PakFile PathHashIndexSize=101
[2023.02.06-20.53.53:890][  0]LogPakFile: PakFile FullDirectoryIndexSize=142
[2023.02.06-20.53.53:890][  0]LogShaderLibrary: Display: ShaderCodeLibraryPakFileMountedCallback: PakFile 'C:/Program Files/Epic Games/UE_4.27Chaos/FeaturePacks/TP_FlyingBP.upack' (chunk index -1, root 'root:/') mounted
[2023.02.06-20.53.53:890][  0]LogShaderLibrary: Display: ShaderCodeLibraryPakFileMountedCallback: pending pak file info (ChunkID:-1 Root:root:/ File:C:/Program Files/Epic Games/UE_4.27Chaos/FeaturePacks/TP_FlyingBP.upack)
[2023.02.06-20.53.53:890][  0]LogPakFile: OnPakFileMounted2Time == 0.000029
[2023.02.06-20.53.53:890][  0]LogPakFile: PakFile PrimaryIndexSize=188
[2023.02.06-20.53.53:890][  0]LogPakFile: PakFile PathHashIndexSize=101
[2023.02.06-20.53.53:890][  0]LogPakFile: PakFile FullDirectoryIndexSize=150
[2023.02.06-20.53.53:890][  0]LogShaderLibrary: Display: ShaderCodeLibraryPakFileMountedCallback: PakFile 'C:/Program Files/Epic Games/UE_4.27Chaos/FeaturePacks/TP_HandheldARBP.upack' (chunk index -1, root 'root:/') mounted
[2023.02.06-20.53.53:890][  0]LogShaderLibrary: Display: ShaderCodeLibraryPakFileMountedCallback: pending pak file info (ChunkID:-1 Root:root:/ File:C:/Program Files/Epic Games/UE_4.27Chaos/FeaturePacks/TP_HandheldARBP.upack)
[2023.02.06-20.53.53:890][  0]LogPakFile: OnPakFileMounted2Time == 0.000029
[2023.02.06-20.53.53:890][  0]LogPakFile: PakFile PrimaryIndexSize=182
[2023.02.06-20.53.53:890][  0]LogPakFile: PakFile PathHashIndexSize=101
[2023.02.06-20.53.53:890][  0]LogPakFile: PakFile FullDirectoryIndexSize=138
[2023.02.06-20.53.53:890][  0]LogShaderLibrary: Display: ShaderCodeLibraryPakFileMountedCallback: PakFile 'C:/Program Files/Epic Games/UE_4.27Chaos/FeaturePacks/TP_Puzzle.upack' (chunk index -1, root 'root:/') mounted
[2023.02.06-20.53.53:890][  0]LogShaderLibrary: Display: ShaderCodeLibraryPakFileMountedCallback: pending pak file info (ChunkID:-1 Root:root:/ File:C:/Program Files/Epic Games/UE_4.27Chaos/FeaturePacks/TP_Puzzle.upack)
[2023.02.06-20.53.53:890][  0]LogPakFile: OnPakFileMounted2Time == 0.000029
[2023.02.06-20.53.53:891][  0]LogPakFile: PakFile PrimaryIndexSize=184
[2023.02.06-20.53.53:891][  0]LogPakFile: PakFile PathHashIndexSize=101
[2023.02.06-20.53.53:891][  0]LogPakFile: PakFile FullDirectoryIndexSize=142
[2023.02.06-20.53.53:891][  0]LogShaderLibrary: Display: ShaderCodeLibraryPakFileMountedCallback: PakFile 'C:/Program Files/Epic Games/UE_4.27Chaos/FeaturePacks/TP_PuzzleBP.upack' (chunk index -1, root 'root:/') mounted
[2023.02.06-20.53.53:891][  0]LogShaderLibrary: Display: ShaderCodeLibraryPakFileMountedCallback: pending pak file info (ChunkID:-1 Root:root:/ File:C:/Program Files/Epic Games/UE_4.27Chaos/FeaturePacks/TP_PuzzleBP.upack)
[2023.02.06-20.53.53:891][  0]LogPakFile: OnPakFileMounted2Time == 0.000037
[2023.02.06-20.53.53:891][  0]LogPakFile: PakFile PrimaryIndexSize=183
[2023.02.06-20.53.53:891][  0]LogPakFile: PakFile PathHashIndexSize=101
[2023.02.06-20.53.53:891][  0]LogPakFile: PakFile FullDirectoryIndexSize=140
[2023.02.06-20.53.53:892][  0]LogShaderLibrary: Display: ShaderCodeLibraryPakFileMountedCallback: PakFile 'C:/Program Files/Epic Games/UE_4.27Chaos/FeaturePacks/TP_Rolling.upack' (chunk index -1, root 'root:/') mounted
[2023.02.06-20.53.53:892][  0]LogShaderLibrary: Display: ShaderCodeLibraryPakFileMountedCallback: pending pak file info (ChunkID:-1 Root:root:/ File:C:/Program Files/Epic Games/UE_4.27Chaos/FeaturePacks/TP_Rolling.upack)
[2023.02.06-20.53.53:892][  0]LogPakFile: OnPakFileMounted2Time == 0.000032
[2023.02.06-20.53.53:892][  0]LogPakFile: PakFile PrimaryIndexSize=185
[2023.02.06-20.53.53:892][  0]LogPakFile: PakFile PathHashIndexSize=101
[2023.02.06-20.53.53:892][  0]LogPakFile: PakFile FullDirectoryIndexSize=144
[2023.02.06-20.53.53:892][  0]LogShaderLibrary: Display: ShaderCodeLibraryPakFileMountedCallback: PakFile 'C:/Program Files/Epic Games/UE_4.27Chaos/FeaturePacks/TP_RollingBP.upack' (chunk index -1, root 'root:/') mounted
[2023.02.06-20.53.53:892][  0]LogShaderLibrary: Display: ShaderCodeLibraryPakFileMountedCallback: pending pak file info (ChunkID:-1 Root:root:/ File:C:/Program Files/Epic Games/UE_4.27Chaos/FeaturePacks/TP_RollingBP.upack)
[2023.02.06-20.53.53:892][  0]LogPakFile: OnPakFileMounted2Time == 0.000029
[2023.02.06-20.53.53:892][  0]LogPakFile: PakFile PrimaryIndexSize=188
[2023.02.06-20.53.53:892][  0]LogPakFile: PakFile PathHashIndexSize=101
[2023.02.06-20.53.53:892][  0]LogPakFile: PakFile FullDirectoryIndexSize=150
[2023.02.06-20.53.53:892][  0]LogShaderLibrary: Display: ShaderCodeLibraryPakFileMountedCallback: PakFile 'C:/Program Files/Epic Games/UE_4.27Chaos/FeaturePacks/TP_SideScroller.upack' (chunk index -1, root 'root:/') mounted
[2023.02.06-20.53.53:892][  0]LogShaderLibrary: Display: ShaderCodeLibraryPakFileMountedCallback: pending pak file info (ChunkID:-1 Root:root:/ File:C:/Program Files/Epic Games/UE_4.27Chaos/FeaturePacks/TP_SideScroller.upack)
[2023.02.06-20.53.53:892][  0]LogPakFile: OnPakFileMounted2Time == 0.000029
[2023.02.06-20.53.53:893][  0]LogPakFile: PakFile PrimaryIndexSize=190
[2023.02.06-20.53.53:893][  0]LogPakFile: PakFile PathHashIndexSize=101
[2023.02.06-20.53.53:893][  0]LogPakFile: PakFile FullDirectoryIndexSize=154
[2023.02.06-20.53.53:893][  0]LogShaderLibrary: Display: ShaderCodeLibraryPakFileMountedCallback: PakFile 'C:/Program Files/Epic Games/UE_4.27Chaos/FeaturePacks/TP_SideScrollerBP.upack' (chunk index -1, root 'root:/') mounted
[2023.02.06-20.53.53:893][  0]LogShaderLibrary: Display: ShaderCodeLibraryPakFileMountedCallback: pending pak file info (ChunkID:-1 Root:root:/ File:C:/Program Files/Epic Games/UE_4.27Chaos/FeaturePacks/TP_SideScrollerBP.upack)
[2023.02.06-20.53.53:893][  0]LogPakFile: OnPakFileMounted2Time == 0.000047
[2023.02.06-20.53.53:893][  0]LogPakFile: PakFile PrimaryIndexSize=187
[2023.02.06-20.53.53:893][  0]LogPakFile: PakFile PathHashIndexSize=101
[2023.02.06-20.53.53:893][  0]LogPakFile: PakFile FullDirectoryIndexSize=148
[2023.02.06-20.53.53:893][  0]LogShaderLibrary: Display: ShaderCodeLibraryPakFileMountedCallback: PakFile 'C:/Program Files/Epic Games/UE_4.27Chaos/FeaturePacks/TP_ThirdPerson.upack' (chunk index -1, root 'root:/') mounted
[2023.02.06-20.53.53:893][  0]LogShaderLibrary: Display: ShaderCodeLibraryPakFileMountedCallback: pending pak file info (ChunkID:-1 Root:root:/ File:C:/Program Files/Epic Games/UE_4.27Chaos/FeaturePacks/TP_ThirdPerson.upack)
[2023.02.06-20.53.53:893][  0]LogPakFile: OnPakFileMounted2Time == 0.000030
[2023.02.06-20.53.53:894][  0]LogPakFile: PakFile PrimaryIndexSize=189
[2023.02.06-20.53.53:894][  0]LogPakFile: PakFile PathHashIndexSize=101
[2023.02.06-20.53.53:894][  0]LogPakFile: PakFile FullDirectoryIndexSize=152
[2023.02.06-20.53.53:894][  0]LogShaderLibrary: Display: ShaderCodeLibraryPakFileMountedCallback: PakFile 'C:/Program Files/Epic Games/UE_4.27Chaos/FeaturePacks/TP_ThirdPersonBP.upack' (chunk index -1, root 'root:/') mounted
[2023.02.06-20.53.53:894][  0]LogShaderLibrary: Display: ShaderCodeLibraryPakFileMountedCallback: pending pak file info (ChunkID:-1 Root:root:/ File:C:/Program Files/Epic Games/UE_4.27Chaos/FeaturePacks/TP_ThirdPersonBP.upack)
[2023.02.06-20.53.53:894][  0]LogPakFile: OnPakFileMounted2Time == 0.000029
[2023.02.06-20.53.53:895][  0]LogPakFile: PakFile PrimaryIndexSize=183
[2023.02.06-20.53.53:895][  0]LogPakFile: PakFile PathHashIndexSize=101
[2023.02.06-20.53.53:895][  0]LogPakFile: PakFile FullDirectoryIndexSize=140
[2023.02.06-20.53.53:895][  0]LogShaderLibrary: Display: ShaderCodeLibraryPakFileMountedCallback: PakFile 'C:/Program Files/Epic Games/UE_4.27Chaos/FeaturePacks/TP_TopDown.upack' (chunk index -1, root 'root:/') mounted
[2023.02.06-20.53.53:895][  0]LogShaderLibrary: Display: ShaderCodeLibraryPakFileMountedCallback: pending pak file info (ChunkID:-1 Root:root:/ File:C:/Program Files/Epic Games/UE_4.27Chaos/FeaturePacks/TP_TopDown.upack)
[2023.02.06-20.53.53:895][  0]LogPakFile: OnPakFileMounted2Time == 0.000036
[2023.02.06-20.53.53:895][  0]LogPakFile: PakFile PrimaryIndexSize=185
[2023.02.06-20.53.53:895][  0]LogPakFile: PakFile PathHashIndexSize=101
[2023.02.06-20.53.53:895][  0]LogPakFile: PakFile FullDirectoryIndexSize=144
[2023.02.06-20.53.53:895][  0]LogShaderLibrary: Display: ShaderCodeLibraryPakFileMountedCallback: PakFile 'C:/Program Files/Epic Games/UE_4.27Chaos/FeaturePacks/TP_TopDownBP.upack' (chunk index -1, root 'root:/') mounted
[2023.02.06-20.53.53:895][  0]LogShaderLibrary: Display: ShaderCodeLibraryPakFileMountedCallback: pending pak file info (ChunkID:-1 Root:root:/ File:C:/Program Files/Epic Games/UE_4.27Chaos/FeaturePacks/TP_TopDownBP.upack)
[2023.02.06-20.53.53:895][  0]LogPakFile: OnPakFileMounted2Time == 0.000033
[2023.02.06-20.53.53:895][  0]LogPakFile: PakFile PrimaryIndexSize=185
[2023.02.06-20.53.53:895][  0]LogPakFile: PakFile PathHashIndexSize=101
[2023.02.06-20.53.53:895][  0]LogPakFile: PakFile FullDirectoryIndexSize=144
[2023.02.06-20.53.53:895][  0]LogShaderLibrary: Display: ShaderCodeLibraryPakFileMountedCallback: PakFile 'C:/Program Files/Epic Games/UE_4.27Chaos/FeaturePacks/TP_TwinStick.upack' (chunk index -1, root 'root:/') mounted
[2023.02.06-20.53.53:896][  0]LogShaderLibrary: Display: ShaderCodeLibraryPakFileMountedCallback: pending pak file info (ChunkID:-1 Root:root:/ File:C:/Program Files/Epic Games/UE_4.27Chaos/FeaturePacks/TP_TwinStick.upack)
[2023.02.06-20.53.53:896][  0]LogPakFile: OnPakFileMounted2Time == 0.000029
[2023.02.06-20.53.53:896][  0]LogPakFile: PakFile PrimaryIndexSize=187
[2023.02.06-20.53.53:896][  0]LogPakFile: PakFile PathHashIndexSize=101
[2023.02.06-20.53.53:896][  0]LogPakFile: PakFile FullDirectoryIndexSize=148
[2023.02.06-20.53.53:896][  0]LogShaderLibrary: Display: ShaderCodeLibraryPakFileMountedCallback: PakFile 'C:/Program Files/Epic Games/UE_4.27Chaos/FeaturePacks/TP_TwinStickBP.upack' (chunk index -1, root 'root:/') mounted
[2023.02.06-20.53.53:896][  0]LogShaderLibrary: Display: ShaderCodeLibraryPakFileMountedCallback: pending pak file info (ChunkID:-1 Root:root:/ File:C:/Program Files/Epic Games/UE_4.27Chaos/FeaturePacks/TP_TwinStickBP.upack)
[2023.02.06-20.53.53:896][  0]LogPakFile: OnPakFileMounted2Time == 0.000032
[2023.02.06-20.53.53:896][  0]LogPakFile: PakFile PrimaryIndexSize=183
[2023.02.06-20.53.53:896][  0]LogPakFile: PakFile PathHashIndexSize=101
[2023.02.06-20.53.53:896][  0]LogPakFile: PakFile FullDirectoryIndexSize=140
[2023.02.06-20.53.53:896][  0]LogShaderLibrary: Display: ShaderCodeLibraryPakFileMountedCallback: PakFile 'C:/Program Files/Epic Games/UE_4.27Chaos/FeaturePacks/TP_Vehicle.upack' (chunk index -1, root 'root:/') mounted
[2023.02.06-20.53.53:896][  0]LogShaderLibrary: Display: ShaderCodeLibraryPakFileMountedCallback: pending pak file info (ChunkID:-1 Root:root:/ File:C:/Program Files/Epic Games/UE_4.27Chaos/FeaturePacks/TP_Vehicle.upack)
[2023.02.06-20.53.53:896][  0]LogPakFile: OnPakFileMounted2Time == 0.000029
[2023.02.06-20.53.53:897][  0]LogPakFile: PakFile PrimaryIndexSize=186
[2023.02.06-20.53.53:897][  0]LogPakFile: PakFile PathHashIndexSize=101
[2023.02.06-20.53.53:897][  0]LogPakFile: PakFile FullDirectoryIndexSize=146
[2023.02.06-20.53.53:897][  0]LogShaderLibrary: Display: ShaderCodeLibraryPakFileMountedCallback: PakFile 'C:/Program Files/Epic Games/UE_4.27Chaos/FeaturePacks/TP_VehicleAdv.upack' (chunk index -1, root 'root:/') mounted
[2023.02.06-20.53.53:897][  0]LogShaderLibrary: Display: ShaderCodeLibraryPakFileMountedCallback: pending pak file info (ChunkID:-1 Root:root:/ File:C:/Program Files/Epic Games/UE_4.27Chaos/FeaturePacks/TP_VehicleAdv.upack)
[2023.02.06-20.53.53:897][  0]LogPakFile: OnPakFileMounted2Time == 0.000029
[2023.02.06-20.53.53:897][  0]LogPakFile: PakFile PrimaryIndexSize=188
[2023.02.06-20.53.53:897][  0]LogPakFile: PakFile PathHashIndexSize=101
[2023.02.06-20.53.53:897][  0]LogPakFile: PakFile FullDirectoryIndexSize=150
[2023.02.06-20.53.53:897][  0]LogShaderLibrary: Display: ShaderCodeLibraryPakFileMountedCallback: PakFile 'C:/Program Files/Epic Games/UE_4.27Chaos/FeaturePacks/TP_VehicleAdvBP.upack' (chunk index -1, root 'root:/') mounted
[2023.02.06-20.53.53:897][  0]LogShaderLibrary: Display: ShaderCodeLibraryPakFileMountedCallback: pending pak file info (ChunkID:-1 Root:root:/ File:C:/Program Files/Epic Games/UE_4.27Chaos/FeaturePacks/TP_VehicleAdvBP.upack)
[2023.02.06-20.53.53:897][  0]LogPakFile: OnPakFileMounted2Time == 0.000029
[2023.02.06-20.53.53:898][  0]LogPakFile: PakFile PrimaryIndexSize=185
[2023.02.06-20.53.53:898][  0]LogPakFile: PakFile PathHashIndexSize=101
[2023.02.06-20.53.53:898][  0]LogPakFile: PakFile FullDirectoryIndexSize=144
[2023.02.06-20.53.53:898][  0]LogShaderLibrary: Display: ShaderCodeLibraryPakFileMountedCallback: PakFile 'C:/Program Files/Epic Games/UE_4.27Chaos/FeaturePacks/TP_VehicleBP.upack' (chunk index -1, root 'root:/') mounted
[2023.02.06-20.53.53:898][  0]LogShaderLibrary: Display: ShaderCodeLibraryPakFileMountedCallback: pending pak file info (ChunkID:-1 Root:root:/ File:C:/Program Files/Epic Games/UE_4.27Chaos/FeaturePacks/TP_VehicleBP.upack)
[2023.02.06-20.53.53:898][  0]LogPakFile: OnPakFileMounted2Time == 0.000028
[2023.02.06-20.53.53:898][  0]LogPakFile: PakFile PrimaryIndexSize=192
[2023.02.06-20.53.53:898][  0]LogPakFile: PakFile PathHashIndexSize=101
[2023.02.06-20.53.53:898][  0]LogPakFile: PakFile FullDirectoryIndexSize=158
[2023.02.06-20.53.53:898][  0]LogShaderLibrary: Display: ShaderCodeLibraryPakFileMountedCallback: PakFile 'C:/Program Files/Epic Games/UE_4.27Chaos/FeaturePacks/TP_VirtualRealityBP.upack' (chunk index -1, root 'root:/') mounted
[2023.02.06-20.53.53:898][  0]LogShaderLibrary: Display: ShaderCodeLibraryPakFileMountedCallback: pending pak file info (ChunkID:-1 Root:root:/ File:C:/Program Files/Epic Games/UE_4.27Chaos/FeaturePacks/TP_VirtualRealityBP.upack)
[2023.02.06-20.53.53:898][  0]LogPakFile: OnPakFileMounted2Time == 0.000037
[2023.02.06-20.53.53:943][  0]LogNativeClassHierarchy: Verbose: Native class hierarchy updated for 'AddContentDialog' in 0.0003 seconds. Added 0 classes and 0 folders.
[2023.02.06-20.53.53:947][  0]LogNativeClassHierarchy: Verbose: Native class hierarchy updated for 'SceneOutliner' in 0.0003 seconds. Added 2 classes and 0 folders.
[2023.02.06-20.53.53:992][  0]LogSlate: Took 0.000315 seconds to synchronously load lazily loaded font '../../../Engine/Content/Slate/Fonts/Roboto-Regular.ttf' (155K)
[2023.02.06-20.53.53:994][  0]LogSlate: Took 0.000148 seconds to synchronously load lazily loaded font '../../../Engine/Content/Editor/Slate/Fonts/FontAwesome.ttf' (139K)
[2023.02.06-20.53.53:994][  0]LogSlate: Took 0.000125 seconds to synchronously load lazily loaded font '../../../Engine/Content/Slate/Fonts/Roboto-Bold.ttf' (160K)
[2023.02.06-20.53.54:065][  0]LogRenderer: Reallocating scene render targets to support 912x440 Format 10 NumSamples 1 (Frame:1).
[2023.02.06-20.53.55:023][  0]LogNativeClassHierarchy: Verbose: Native class hierarchy updated for 'HierarchicalLODOutliner' in 0.0006 seconds. Added 0 classes and 0 folders.
[2023.02.06-20.53.55:023][  0]LogInput: Warning: Action Jump uses invalid key OculusGo_Left_Trigger_Click.
[2023.02.06-20.53.55:023][  0]LogInput: Warning: Action ResetVR uses invalid key OculusGo_Left_Trackpad_Click.
[2023.02.06-20.53.55:023][  0]LogInput: Warning: Use -RemoveInvalidKeys to remove instances of these keys from the action mapping.
[2023.02.06-20.53.55:023][  0]LogLoad: (Engine Initialization) Total time: 10.96 seconds
[2023.02.06-20.53.55:023][  0]LogLoad: (Engine Initialization) Total Blueprint compile time: 0.00 seconds
[2023.02.06-20.53.55:113][  0]LogContentStreaming: Texture pool size now 1000 MB
[2023.02.06-20.53.55:178][  1]LogAssetRegistry: Asset discovery search completed in 6.5729 seconds
[2023.02.06-20.53.55:189][  1]LogCollectionManager: Fixed up redirectors for 0 collections in 0.000004 seconds (updated 0 objects)
[2023.02.06-20.53.55:239][  2]LogSlate: Took 0.000391 seconds to synchronously load lazily loaded font '../../../Engine/Content/Slate/Fonts/Roboto-Light.ttf' (167K)
